2025-06-24 23:08:28,580 - __main__ - INFO - Output directories created: outputs, outputs/excel_reports, outputs/logs, outputs/alerts
2025-06-24 23:08:35,506 - sentiment - INFO - LunarCrush API call for BTC: 404
2025-06-24 23:08:35,506 - sentiment - INFO - Symbol query failed for BTC, trying ID lookup approach...
2025-06-24 23:08:37,271 - sentiment - INFO - Cached 6723 coins from LunarCrush list
2025-06-24 23:08:37,882 - sentiment - INFO - LunarCrush ID lookup successful for BTC (ID: 1)
2025-06-24 23:08:45,300 - sentiment - INFO - TokenMetrics API call for BTC: 200
2025-06-24 23:08:45,300 - sentiment - INFO - TokenMetrics response for BTC: success=True, length=10
2025-06-24 23:08:45,300 - sentiment - INFO - TokenMetrics extracted for BTC: TM_Grade=46.99, TA_Grade=47.01, Quant_Grade=46.91
2025-06-24 23:08:49,610 - modules.market_regime_analyzer - INFO - Traditional market SPY: 1.24% (RISING)
2025-06-24 23:08:50,326 - modules.market_regime_analyzer - INFO - Traditional market ^VIX: -11.80% (FALLING)
2025-06-24 23:08:51,008 - modules.market_regime_analyzer - INFO - Traditional market DX-Y.NYB: -0.57% (STABLE)
2025-06-24 23:08:51,384 - modules.market_regime_analyzer - INFO - Traditional market QQQ: 1.68% (RISING)
2025-06-24 23:08:57,784 - sentiment - INFO - LunarCrush API call for stocks: 404
2025-06-24 23:08:57,786 - sentiment - INFO - Symbol query failed for stocks, trying ID lookup approach...
2025-06-24 23:08:57,792 - sentiment - WARNING - Symbol stocks not found in LunarCrush coins list
2025-06-24 23:09:04,128 - sentiment - INFO - LunarCrush API call for spy: 404
2025-06-24 23:09:04,129 - sentiment - INFO - Symbol query failed for spy, trying ID lookup approach...
2025-06-24 23:09:04,132 - sentiment - WARNING - Symbol spy not found in LunarCrush coins list
2025-06-24 23:09:10,475 - sentiment - INFO - LunarCrush API call for inflation: 404
2025-06-24 23:09:10,476 - sentiment - INFO - Symbol query failed for inflation, trying ID lookup approach...
2025-06-24 23:09:10,481 - sentiment - WARNING - Symbol inflation not found in LunarCrush coins list
2025-06-24 23:09:16,836 - sentiment - INFO - LunarCrush API call for recession: 404
2025-06-24 23:09:16,837 - sentiment - INFO - Symbol query failed for recession, trying ID lookup approach...
2025-06-24 23:09:16,841 - sentiment - WARNING - Symbol recession not found in LunarCrush coins list
2025-06-24 23:09:16,843 - modules.market_regime_analyzer - INFO - Market regime analysis completed for ETH
2025-06-24 23:09:19,950 - modules.data_fetcher - INFO - Selected 70 coins for analysis
2025-06-24 23:09:28,702 - __main__ - INFO - Quality setup: APT SHORT (binance) - 83% probability, Risk: 5.0%, R:R: 3.13
2025-06-24 23:09:29,089 - __main__ - INFO - Quality setup: APT SHORT (bybit) - 83% probability, Risk: 5.0%, R:R: 3.17
2025-06-24 23:09:29,870 - __main__ - INFO - Quality setup: APT SHORT (kucoin) - 83% probability, Risk: 5.0%, R:R: 3.13
2025-06-24 23:09:30,474 - __main__ - INFO - Quality setup: APT SHORT (okx) - 83% probability, Risk: 5.0%, R:R: 3.43
2025-06-24 23:09:43,324 - __main__ - INFO - Quality setup: ALGO SHORT (kucoin) - 68% probability, Risk: 2.1%, R:R: 3.85
2025-06-24 23:09:44,243 - __main__ - INFO - Quality setup: ALGO SHORT (okx) - 81% probability, Risk: 2.2%, R:R: 3.76
2025-06-24 23:09:46,038 - __main__ - INFO - Quality setup: ZEC SHORT (kucoin) - 68% probability, Risk: 2.2%, R:R: 2.96
2025-06-24 23:09:48,448 - __main__ - INFO - Quality setup: STX SHORT (kucoin) - 78% probability, Risk: 3.8%, R:R: 2.7
2025-06-24 23:09:54,228 - __main__ - INFO - Quality setup: XDC SHORT (kucoin) - 65% probability, Risk: 3.8%, R:R: 1.03
2025-06-24 23:10:02,654 - __main__ - INFO - Quality setup: ZEN SHORT (bybit) - 65% probability, Risk: 6.6%, R:R: 0.64
2025-06-24 23:10:03,290 - __main__ - INFO - Quality setup: ZEN SHORT (kucoin) - 65% probability, Risk: 6.6%, R:R: 0.62
2025-06-24 23:10:20,771 - sentiment - INFO - LunarCrush API call for APT: 404
2025-06-24 23:10:20,772 - sentiment - INFO - Symbol query failed for APT, trying ID lookup approach...
2025-06-24 23:10:21,270 - sentiment - INFO - LunarCrush ID lookup successful for APT (ID: 70832)
2025-06-24 23:10:28,492 - sentiment - INFO - TokenMetrics API call for APT: 200
2025-06-24 23:10:28,493 - sentiment - INFO - TokenMetrics response for APT: success=True, length=10
2025-06-24 23:10:28,493 - sentiment - INFO - TokenMetrics extracted for APT: TM_Grade=16.19, TA_Grade=9.89, Quant_Grade=41.38
2025-06-24 23:10:34,843 - sentiment - INFO - LunarCrush API call for ALGO: 404
2025-06-24 23:10:34,844 - sentiment - INFO - Symbol query failed for ALGO, trying ID lookup approach...
2025-06-24 23:10:35,556 - sentiment - INFO - LunarCrush ID lookup successful for ALGO (ID: 2108)
2025-06-24 23:10:43,256 - sentiment - INFO - TokenMetrics API call for ALGO: 200
2025-06-24 23:10:43,257 - sentiment - INFO - TokenMetrics response for ALGO: success=True, length=10
2025-06-24 23:10:43,257 - sentiment - INFO - TokenMetrics extracted for ALGO: TM_Grade=14.83, TA_Grade=9.87, Quant_Grade=34.67
2025-06-24 23:10:49,606 - sentiment - INFO - LunarCrush API call for STX: 404
2025-06-24 23:10:49,606 - sentiment - INFO - Symbol query failed for STX, trying ID lookup approach...
2025-06-24 23:10:50,103 - sentiment - INFO - LunarCrush ID lookup successful for STX (ID: 830)
2025-06-24 23:10:57,241 - sentiment - INFO - TokenMetrics API call for STX: 200
2025-06-24 23:10:57,242 - sentiment - INFO - TokenMetrics response for STX: success=True, length=10
2025-06-24 23:10:57,242 - sentiment - INFO - TokenMetrics extracted for STX: TM_Grade=18.31, TA_Grade=9.82, Quant_Grade=52.27
2025-06-24 23:11:03,615 - sentiment - INFO - LunarCrush API call for ZEC: 404
2025-06-24 23:11:03,616 - sentiment - INFO - Symbol query failed for ZEC, trying ID lookup approach...
2025-06-24 23:11:04,119 - sentiment - INFO - LunarCrush ID lookup successful for ZEC (ID: 26)
2025-06-24 23:11:11,197 - sentiment - INFO - TokenMetrics API call for ZEC: 200
2025-06-24 23:11:11,198 - sentiment - INFO - TokenMetrics response for ZEC: success=True, length=10
2025-06-24 23:11:11,198 - sentiment - INFO - TokenMetrics extracted for ZEC: TM_Grade=14.73, TA_Grade=9.91, Quant_Grade=33.97
2025-06-24 23:11:17,551 - sentiment - INFO - LunarCrush API call for XDC: 404
2025-06-24 23:11:17,551 - sentiment - INFO - Symbol query failed for XDC, trying ID lookup approach...
2025-06-24 23:11:18,220 - sentiment - INFO - LunarCrush ID lookup successful for XDC (ID: 66919)
2025-06-24 23:11:25,312 - sentiment - INFO - TokenMetrics API call for XDC: 200
2025-06-24 23:11:25,314 - sentiment - INFO - TokenMetrics response for XDC: success=True, length=10
2025-06-24 23:11:25,314 - sentiment - INFO - TokenMetrics extracted for XDC: TM_Grade=18.77, TA_Grade=9.91, Quant_Grade=54.23
2025-06-24 23:11:31,674 - sentiment - INFO - LunarCrush API call for ZEN: 404
2025-06-24 23:11:31,675 - sentiment - INFO - Symbol query failed for ZEN, trying ID lookup approach...
2025-06-24 23:11:32,197 - sentiment - INFO - LunarCrush ID lookup successful for ZEN (ID: 103)
2025-06-24 23:11:39,274 - sentiment - INFO - TokenMetrics API call for ZEN: 200
2025-06-24 23:11:39,276 - sentiment - INFO - TokenMetrics response for ZEN: success=True, length=10
2025-06-24 23:11:39,276 - sentiment - INFO - TokenMetrics extracted for ZEN: TM_Grade=16.98, TA_Grade=9.85, Quant_Grade=45.5
2025-06-24 23:11:45,648 - sentiment - INFO - LunarCrush API call for NEAR: 404
2025-06-24 23:11:45,649 - sentiment - INFO - Symbol query failed for NEAR, trying ID lookup approach...
2025-06-24 23:11:46,234 - sentiment - INFO - LunarCrush ID lookup successful for NEAR (ID: 3377)
2025-06-24 23:11:53,317 - sentiment - INFO - TokenMetrics API call for NEAR: 200
2025-06-24 23:11:53,319 - sentiment - INFO - TokenMetrics response for NEAR: success=True, length=10
2025-06-24 23:11:53,319 - sentiment - INFO - TokenMetrics extracted for NEAR: TM_Grade=18.06, TA_Grade=9.87, Quant_Grade=50.85
2025-06-24 23:11:59,665 - sentiment - INFO - LunarCrush API call for MINA: 404
2025-06-24 23:11:59,665 - sentiment - INFO - Symbol query failed for MINA, trying ID lookup approach...
2025-06-24 23:12:00,136 - sentiment - INFO - LunarCrush ID lookup successful for MINA (ID: 12687)
2025-06-24 23:12:07,998 - sentiment - INFO - TokenMetrics API call for MINA: 200
2025-06-24 23:12:07,998 - sentiment - INFO - TokenMetrics response for MINA: success=True, length=10
2025-06-24 23:12:07,998 - sentiment - INFO - TokenMetrics extracted for MINA: TM_Grade=13.37, TA_Grade=9.81, Quant_Grade=27.59
2025-06-24 23:12:14,480 - sentiment - INFO - LunarCrush API call for PHA: 404
2025-06-24 23:12:14,482 - sentiment - INFO - Symbol query failed for PHA, trying ID lookup approach...
2025-06-24 23:12:14,971 - sentiment - INFO - LunarCrush ID lookup successful for PHA (ID: 2986)
2025-06-24 23:12:21,923 - sentiment - INFO - TokenMetrics API call for PHA: 200
2025-06-24 23:12:21,923 - sentiment - INFO - TokenMetrics response for PHA: success=True, length=10
2025-06-24 23:12:21,923 - sentiment - INFO - TokenMetrics extracted for PHA: TM_Grade=18.24, TA_Grade=9.83, Quant_Grade=51.88
2025-06-24 23:12:22,216 - modules.output_generator - INFO - Market regime analysis sheet created successfully
2025-06-24 23:12:22,234 - modules.output_generator - INFO - Excel output saved to outputs/excel_reports/bb_analysis_20250624_231221.xlsx
