2025-06-22 20:37:55,787 - __main__ - INFO - Output directories created: outputs, outputs/excel_reports, outputs/logs, outputs/alerts
2025-06-22 20:37:58,834 - modules.data_fetcher - INFO - Selected 73 coins for analysis
2025-06-22 20:38:14,681 - __main__ - INFO - Quality setup: TON LONG (kucoin) - 73% probability, Risk: 2.0%, R:R: 3.77
2025-06-22 20:38:19,055 - __main__ - INFO - Quality setup: ETC LONG (kucoin) - 86% probability, Risk: 1.7%, R:R: 4.59
2025-06-22 20:38:25,967 - __main__ - INFO - Quality setup: QTUM LONG (kucoin) - 83% probability, Risk: 1.7%, R:R: 4.89
2025-06-22 20:38:27,045 - __main__ - INFO - Quality setup: BSV LONG (kucoin) - 75% probability, Risk: 5.8%, R:R: 0.32
2025-06-22 20:38:38,258 - __main__ - INFO - Quality setup: MINA LONG (kucoin) - 83% probability, Risk: 2.6%, R:R: 4.03
2025-06-22 20:38:41,354 - __main__ - INFO - Quality setup: WAVES LONG (kucoin) - 68% probability, Risk: 2.3%, R:R: 3.83
2025-06-22 20:38:48,035 - __main__ - INFO - Quality setup: CKB LONG (kucoin) - 88% probability, Risk: 2.6%, R:R: 4.54
2025-06-22 20:38:49,368 - __main__ - INFO - Quality setup: USTC LONG (bybit) - 65% probability, Risk: 3.5%, R:R: 1.79
2025-06-22 20:38:50,024 - __main__ - INFO - Quality setup: USTC LONG (kucoin) - 75% probability, Risk: 3.4%, R:R: 1.77
2025-06-22 20:38:51,663 - __main__ - INFO - Quality setup: AKT LONG (kucoin) - 90% probability, Risk: 5.2%, R:R: 2.47
2025-06-22 20:39:02,515 - sentiment - INFO - LunarCrush API call for AKT: 404
2025-06-22 20:39:02,515 - sentiment - INFO - Symbol query failed for AKT, trying ID lookup approach...
2025-06-22 20:39:04,237 - sentiment - INFO - Cached 6702 coins from LunarCrush list
2025-06-22 20:39:04,809 - sentiment - INFO - LunarCrush ID lookup successful for AKT (ID: 11998)
2025-06-22 20:40:01,385 - sentiment - INFO - TokenMetrics API call for AKT: 200
2025-06-22 20:40:01,387 - sentiment - INFO - TokenMetrics: Symbol AKT not found in current response
2025-06-22 20:40:07,818 - sentiment - INFO - LunarCrush API call for CKB: 404
2025-06-22 20:40:07,818 - sentiment - INFO - Symbol query failed for CKB, trying ID lookup approach...
2025-06-22 20:40:08,461 - sentiment - INFO - LunarCrush ID lookup successful for CKB (ID: 2232)
2025-06-22 20:40:15,347 - sentiment - INFO - TokenMetrics API call for CKB: 200
2025-06-22 20:40:15,348 - sentiment - INFO - TokenMetrics: Symbol CKB not found in current response
2025-06-22 20:40:22,762 - sentiment - INFO - LunarCrush API call for ETC: 404
2025-06-22 20:40:22,763 - sentiment - INFO - Symbol query failed for ETC, trying ID lookup approach...
2025-06-22 20:40:23,368 - sentiment - INFO - LunarCrush ID lookup successful for ETC (ID: 21)
2025-06-22 20:40:31,219 - sentiment - INFO - TokenMetrics API call for ETC: 200
2025-06-22 20:40:31,219 - sentiment - INFO - TokenMetrics: Symbol ETC not found in current response
2025-06-22 20:40:37,625 - sentiment - INFO - LunarCrush API call for QTUM: 404
2025-06-22 20:40:37,626 - sentiment - INFO - Symbol query failed for QTUM, trying ID lookup approach...
2025-06-22 20:40:38,161 - sentiment - INFO - LunarCrush ID lookup successful for QTUM (ID: 34)
2025-06-22 20:40:45,239 - sentiment - INFO - TokenMetrics API call for QTUM: 200
2025-06-22 20:40:45,240 - sentiment - INFO - TokenMetrics: Symbol QTUM not found in current response
2025-06-22 20:40:51,642 - sentiment - INFO - LunarCrush API call for MINA: 404
2025-06-22 20:40:51,642 - sentiment - INFO - Symbol query failed for MINA, trying ID lookup approach...
2025-06-22 20:40:52,194 - sentiment - INFO - LunarCrush ID lookup successful for MINA (ID: 12687)
2025-06-22 20:40:59,124 - sentiment - INFO - TokenMetrics API call for MINA: 200
2025-06-22 20:40:59,124 - sentiment - INFO - TokenMetrics: Symbol MINA not found in current response
2025-06-22 20:41:05,543 - sentiment - INFO - LunarCrush API call for USTC: 404
2025-06-22 20:41:05,544 - sentiment - INFO - Symbol query failed for USTC, trying ID lookup approach...
2025-06-22 20:41:06,297 - sentiment - INFO - LunarCrush ID lookup successful for USTC (ID: 16592)
2025-06-22 20:41:13,182 - sentiment - INFO - TokenMetrics API call for USTC: 200
2025-06-22 20:41:13,182 - sentiment - INFO - TokenMetrics: Symbol USTC not found in current response
2025-06-22 20:41:20,607 - sentiment - INFO - LunarCrush API call for BSV: 404
2025-06-22 20:41:20,607 - sentiment - INFO - Symbol query failed for BSV, trying ID lookup approach...
2025-06-22 20:41:21,272 - sentiment - INFO - LunarCrush ID lookup successful for BSV (ID: 9)
2025-06-22 20:41:28,374 - sentiment - INFO - TokenMetrics API call for BSV: 200
2025-06-22 20:41:28,374 - sentiment - INFO - TokenMetrics: Symbol BSV not found in current response
2025-06-22 20:41:34,787 - sentiment - INFO - LunarCrush API call for TON: 404
2025-06-22 20:41:34,787 - sentiment - INFO - Symbol query failed for TON, trying ID lookup approach...
2025-06-22 20:41:35,474 - sentiment - INFO - LunarCrush ID lookup successful for TON (ID: 18349)
2025-06-22 20:41:42,332 - sentiment - INFO - TokenMetrics API call for TON: 200
2025-06-22 20:41:42,333 - sentiment - INFO - TokenMetrics: Symbol TON not found in current response
2025-06-22 20:41:48,825 - sentiment - INFO - LunarCrush API call for WAVES: 404
2025-06-22 20:41:48,826 - sentiment - INFO - Symbol query failed for WAVES, trying ID lookup approach...
2025-06-22 20:41:49,456 - sentiment - INFO - LunarCrush ID lookup successful for WAVES (ID: 48)
2025-06-22 20:41:57,511 - sentiment - INFO - TokenMetrics API call for WAVES: 200
2025-06-22 20:41:57,511 - sentiment - INFO - TokenMetrics: Symbol WAVES not found in current response
2025-06-22 20:42:03,924 - sentiment - INFO - LunarCrush API call for XDC: 404
2025-06-22 20:42:03,925 - sentiment - INFO - Symbol query failed for XDC, trying ID lookup approach...
2025-06-22 20:42:04,470 - sentiment - INFO - LunarCrush ID lookup successful for XDC (ID: 66919)
2025-06-22 20:42:11,303 - sentiment - INFO - TokenMetrics API call for XDC: 200
2025-06-22 20:42:11,304 - sentiment - INFO - TokenMetrics: Symbol XDC not found in current response
2025-06-22 20:42:11,521 - modules.output_generator - INFO - Excel output saved to outputs/excel_reports/bb_analysis_20250622_204211.xlsx
