2025-06-25 19:38:07,878 - __main__ - INFO - Output directories created: outputs, outputs/excel_reports, outputs/logs, outputs/alerts
2025-06-25 19:38:14,747 - sentiment - INFO - LunarCrush API call for BTC: 404
2025-06-25 19:38:14,747 - sentiment - INFO - Symbol query failed for BTC, trying ID lookup approach...
2025-06-25 19:38:16,511 - sentiment - INFO - Cached 6728 coins from LunarCrush list
2025-06-25 19:38:17,695 - sentiment - INFO - LunarCrush ID lookup successful for BTC (ID: 1)
2025-06-25 19:39:10,538 - sentiment - INFO - TokenMetrics API call for BTC: 200
2025-06-25 19:39:10,539 - sentiment - INFO - TokenMetrics response for BTC: success=True, length=10
2025-06-25 19:39:10,539 - sentiment - INFO - TokenMetrics extracted for BTC: TM_Grade=52.73, TA_Grade=47.8, Quant_Grade=72.45
2025-06-25 19:39:15,481 - modules.market_regime_analyzer - INFO - Traditional market SPY: 0.04% (STABLE)
2025-06-25 19:39:15,839 - modules.market_regime_analyzer - INFO - Traditional market ^VIX: -0.17% (STABLE)
2025-06-25 19:39:16,180 - modules.market_regime_analyzer - INFO - Traditional market DX-Y.NYB: 0.11% (STABLE)
2025-06-25 19:39:16,570 - modules.market_regime_analyzer - INFO - Traditional market QQQ: 0.21% (STABLE)
2025-06-25 19:39:19,846 - modules.market_regime_analyzer - INFO - LunarCrush stocks list fetched: 2163 stocks
2025-06-25 19:39:20,456 - modules.market_regime_analyzer - INFO - LunarCrush stocks sentiment for SPY: Neutral
2025-06-25 19:39:21,082 - modules.market_regime_analyzer - INFO - LunarCrush stocks sentiment for AAPL: Neutral
2025-06-25 19:39:21,877 - modules.market_regime_analyzer - INFO - LunarCrush stocks sentiment for MSFT: Neutral
2025-06-25 19:39:22,532 - modules.market_regime_analyzer - INFO - LunarCrush stocks sentiment for NVDA: Neutral
2025-06-25 19:39:23,388 - modules.market_regime_analyzer - INFO - LunarCrush stocks sentiment for TSLA: Neutral
2025-06-25 19:39:23,957 - modules.market_regime_analyzer - INFO - LunarCrush stocks sentiment for AMZN: Neutral
2025-06-25 19:39:24,528 - modules.market_regime_analyzer - INFO - LunarCrush stocks sentiment for GOOGL: Neutral
2025-06-25 19:39:24,528 - modules.market_regime_analyzer - INFO - Market regime analysis completed for ETH
2025-06-25 19:39:28,023 - modules.data_fetcher - INFO - Selected 65 coins for analysis
2025-06-25 19:39:35,206 - __main__ - INFO - Quality setup: BCH SHORT (binance) - 75% probability, Risk: 3.8%, R:R: 1.18
2025-06-25 19:39:35,614 - __main__ - INFO - Quality setup: BCH SHORT (bybit) - 65% probability, Risk: 3.8%, R:R: 1.18
2025-06-25 19:39:36,290 - __main__ - INFO - Quality setup: BCH SHORT (kucoin) - 70% probability, Risk: 4.8%, R:R: 0.95
2025-06-25 19:39:36,905 - __main__ - INFO - Quality setup: BCH SHORT (okx) - 65% probability, Risk: 3.9%, R:R: 1.15
2025-06-25 19:39:57,797 - __main__ - INFO - Quality setup: BSV SHORT (kucoin) - 65% probability, Risk: 5.7%, R:R: 0.37
2025-06-25 19:40:11,983 - __main__ - INFO - Quality setup: WAVES SHORT (bybit) - 70% probability, Risk: 3.6%, R:R: 1.08
2025-06-25 19:40:12,933 - __main__ - INFO - Quality setup: WAVES SHORT (kucoin) - 65% probability, Risk: 3.6%, R:R: 1.06
2025-06-25 19:40:29,063 - sentiment - INFO - LunarCrush API call for BCH: 404
2025-06-25 19:40:29,063 - sentiment - INFO - Symbol query failed for BCH, trying ID lookup approach...
2025-06-25 19:40:29,707 - sentiment - INFO - LunarCrush ID lookup successful for BCH (ID: 5)
2025-06-25 19:41:19,561 - sentiment - INFO - TokenMetrics API call for BCH: 200
2025-06-25 19:41:19,563 - sentiment - INFO - TokenMetrics response for BCH: success=True, length=10
2025-06-25 19:41:19,563 - sentiment - INFO - TokenMetrics extracted for BCH: TM_Grade=73.13, TA_Grade=79.07, Quant_Grade=49.37
2025-06-25 19:41:25,972 - sentiment - INFO - LunarCrush API call for WAVES: 404
2025-06-25 19:41:25,973 - sentiment - INFO - Symbol query failed for WAVES, trying ID lookup approach...
2025-06-25 19:41:26,595 - sentiment - INFO - LunarCrush ID lookup successful for WAVES (ID: 48)
2025-06-25 19:41:35,871 - sentiment - INFO - TokenMetrics API call for WAVES: 200
2025-06-25 19:41:35,872 - sentiment - INFO - TokenMetrics response for WAVES: success=True, length=10
2025-06-25 19:41:35,872 - sentiment - INFO - TokenMetrics extracted for WAVES: TM_Grade=13.34, TA_Grade=9.9, Quant_Grade=27.14
2025-06-25 19:41:42,320 - sentiment - INFO - LunarCrush API call for BSV: 404
2025-06-25 19:41:42,322 - sentiment - INFO - Symbol query failed for BSV, trying ID lookup approach...
2025-06-25 19:41:42,973 - sentiment - INFO - LunarCrush ID lookup successful for BSV (ID: 9)
2025-06-25 19:41:51,285 - sentiment - INFO - TokenMetrics API call for BSV: 200
2025-06-25 19:41:51,286 - sentiment - INFO - TokenMetrics response for BSV: success=True, length=10
2025-06-25 19:41:51,286 - sentiment - INFO - TokenMetrics extracted for BSV: TM_Grade=16.1, TA_Grade=9.93, Quant_Grade=40.78
2025-06-25 19:41:57,710 - sentiment - INFO - LunarCrush API call for STX: 404
2025-06-25 19:41:57,710 - sentiment - INFO - Symbol query failed for STX, trying ID lookup approach...
2025-06-25 19:41:58,243 - sentiment - INFO - LunarCrush ID lookup successful for STX (ID: 830)
2025-06-25 19:42:05,515 - sentiment - INFO - TokenMetrics API call for STX: 200
2025-06-25 19:42:05,515 - sentiment - INFO - TokenMetrics response for STX: success=True, length=10
2025-06-25 19:42:05,515 - sentiment - INFO - TokenMetrics extracted for STX: TM_Grade=18.55, TA_Grade=9.85, Quant_Grade=53.37
2025-06-25 19:42:11,915 - sentiment - INFO - LunarCrush API call for KAS: 404
2025-06-25 19:42:11,915 - sentiment - INFO - Symbol query failed for KAS, trying ID lookup approach...
2025-06-25 19:42:12,495 - sentiment - INFO - LunarCrush ID lookup successful for KAS (ID: 52238)
2025-06-25 19:42:19,753 - sentiment - INFO - TokenMetrics API call for KAS: 200
2025-06-25 19:42:19,753 - sentiment - INFO - TokenMetrics response for KAS: success=True, length=10
2025-06-25 19:42:19,753 - sentiment - INFO - TokenMetrics extracted for KAS: TM_Grade=21.92, TA_Grade=9.84, Quant_Grade=70.25
2025-06-25 19:42:26,178 - sentiment - INFO - LunarCrush API call for CORE: 404
2025-06-25 19:42:26,178 - sentiment - INFO - Symbol query failed for CORE, trying ID lookup approach...
2025-06-25 19:42:26,780 - sentiment - INFO - LunarCrush ID lookup successful for CORE (ID: 101031)
2025-06-25 19:42:34,043 - sentiment - INFO - TokenMetrics API call for CORE: 200
2025-06-25 19:42:34,043 - sentiment - INFO - TokenMetrics response for CORE: success=True, length=10
2025-06-25 19:42:34,043 - sentiment - INFO - TokenMetrics extracted for CORE: TM_Grade=15.15, TA_Grade=9.81, Quant_Grade=36.49
2025-06-25 19:42:40,456 - sentiment - INFO - LunarCrush API call for CFG: 404
2025-06-25 19:42:40,456 - sentiment - INFO - Symbol query failed for CFG, trying ID lookup approach...
2025-06-25 19:42:42,015 - sentiment - INFO - LunarCrush ID lookup successful for CFG (ID: 14846)
2025-06-25 19:42:50,392 - sentiment - INFO - TokenMetrics API call for CFG: 200
2025-06-25 19:42:50,392 - sentiment - INFO - TokenMetrics response for CFG: success=True, length=10
2025-06-25 19:42:50,392 - sentiment - INFO - TokenMetrics extracted for CFG: TM_Grade=13.93, TA_Grade=9.92, Quant_Grade=29.95
2025-06-25 19:42:57,840 - sentiment - INFO - LunarCrush API call for CFX: 404
2025-06-25 19:42:57,840 - sentiment - INFO - Symbol query failed for CFX, trying ID lookup approach...
2025-06-25 19:42:58,414 - sentiment - INFO - LunarCrush ID lookup successful for CFX (ID: 2817)
2025-06-25 19:43:05,742 - sentiment - INFO - TokenMetrics API call for CFX: 200
2025-06-25 19:43:05,742 - sentiment - INFO - TokenMetrics response for CFX: success=True, length=10
2025-06-25 19:43:05,743 - sentiment - INFO - TokenMetrics extracted for CFX: TM_Grade=17.05, TA_Grade=9.91, Quant_Grade=45.62
2025-06-25 19:43:12,175 - sentiment - INFO - LunarCrush API call for APT: 404
2025-06-25 19:43:12,175 - sentiment - INFO - Symbol query failed for APT, trying ID lookup approach...
2025-06-25 19:43:12,827 - sentiment - INFO - LunarCrush ID lookup successful for APT (ID: 70832)
2025-06-25 19:43:20,029 - sentiment - INFO - TokenMetrics API call for APT: 200
2025-06-25 19:43:20,030 - sentiment - INFO - TokenMetrics response for APT: success=True, length=10
2025-06-25 19:43:20,030 - sentiment - INFO - TokenMetrics extracted for APT: TM_Grade=16.28, TA_Grade=9.91, Quant_Grade=41.74
2025-06-25 19:43:20,416 - modules.market_regime_analyzer - WARNING - LunarCrush API key not available - stocks sentiment will use defaults
2025-06-25 19:43:20,418 - modules.output_generator - INFO - Market regime analysis sheet created successfully
2025-06-25 19:43:20,445 - modules.output_generator - INFO - Excel output saved to outputs/excel_reports/bb_analysis_20250625_194320.xlsx
