2025-06-25 00:03:26,779 - __main__ - INFO - Output directories created: outputs, outputs/excel_reports, outputs/logs, outputs/alerts
2025-06-25 00:03:33,562 - sentiment - INFO - LunarCrush API call for BTC: 404
2025-06-25 00:03:33,562 - sentiment - INFO - Symbol query failed for BTC, trying ID lookup approach...
2025-06-25 00:03:35,010 - sentiment - INFO - Cached 6723 coins from LunarCrush list
2025-06-25 00:03:35,575 - sentiment - INFO - LunarCrush ID lookup successful for BTC (ID: 1)
2025-06-25 00:03:42,708 - sentiment - INFO - TokenMetrics API call for BTC: 200
2025-06-25 00:03:42,709 - sentiment - INFO - TokenMetrics response for BTC: success=True, length=10
2025-06-25 00:03:42,709 - sentiment - INFO - TokenMetrics extracted for BTC: TM_Grade=46.99, TA_Grade=47.01, Quant_Grade=46.91
2025-06-25 00:03:47,014 - modules.market_regime_analyzer - INFO - Traditional market SPY: 1.10% (RISING)
2025-06-25 00:03:47,353 - modules.market_regime_analyzer - INFO - Traditional market ^VIX: -11.80% (FALLING)
2025-06-25 00:03:47,701 - modules.market_regime_analyzer - INFO - Traditional market DX-Y.NYB: -0.51% (STABLE)
2025-06-25 00:03:48,062 - modules.market_regime_analyzer - INFO - Traditional market QQQ: 1.53% (RISING)
2025-06-25 00:03:49,901 - modules.market_regime_analyzer - INFO - LunarCrush stocks list fetched: 2160 stocks
2025-06-25 00:03:50,557 - modules.market_regime_analyzer - INFO - LunarCrush stocks sentiment for SPY: Neutral
2025-06-25 00:03:51,200 - modules.market_regime_analyzer - INFO - LunarCrush stocks sentiment for AAPL: Neutral
2025-06-25 00:03:51,774 - modules.market_regime_analyzer - INFO - LunarCrush stocks sentiment for MSFT: Neutral
2025-06-25 00:03:52,408 - modules.market_regime_analyzer - INFO - LunarCrush stocks sentiment for NVDA: Neutral
2025-06-25 00:03:52,950 - modules.market_regime_analyzer - INFO - LunarCrush stocks sentiment for TSLA: Neutral
2025-06-25 00:03:53,476 - modules.market_regime_analyzer - INFO - LunarCrush stocks sentiment for AMZN: Neutral
2025-06-25 00:03:53,971 - modules.market_regime_analyzer - INFO - LunarCrush stocks sentiment for GOOGL: Neutral
2025-06-25 00:03:53,971 - modules.market_regime_analyzer - INFO - Market regime analysis completed for ETH
2025-06-25 00:03:56,807 - modules.data_fetcher - INFO - Selected 70 coins for analysis
