2025-06-24 23:34:42,979 - __main__ - INFO - Output directories created: outputs, outputs/excel_reports, outputs/logs, outputs/alerts
2025-06-24 23:34:49,805 - sentiment - INFO - LunarCrush API call for BTC: 404
2025-06-24 23:34:49,806 - sentiment - INFO - Symbol query failed for BTC, trying ID lookup approach...
2025-06-24 23:34:51,859 - sentiment - INFO - Cached 6723 coins from LunarCrush list
2025-06-24 23:34:52,550 - sentiment - INFO - LunarCrush ID lookup successful for BTC (ID: 1)
2025-06-24 23:35:43,454 - sentiment - INFO - TokenMetrics API call for BTC: 200
2025-06-24 23:35:43,456 - sentiment - INFO - TokenMetrics response for BTC: success=True, length=10
2025-06-24 23:35:43,456 - sentiment - INFO - TokenMetrics extracted for BTC: TM_Grade=46.99, TA_Grade=47.01, Quant_Grade=46.91
2025-06-24 23:35:47,378 - modules.market_regime_analyzer - INFO - Traditional market SPY: 1.25% (RISING)
2025-06-24 23:35:47,718 - modules.market_regime_analyzer - INFO - Traditional market ^VIX: -12.51% (FALLING)
2025-06-24 23:35:48,063 - modules.market_regime_analyzer - INFO - Traditional market DX-Y.NYB: -0.55% (STABLE)
2025-06-24 23:35:48,439 - modules.market_regime_analyzer - INFO - Traditional market QQQ: 1.60% (RISING)
2025-06-24 23:35:49,873 - modules.market_regime_analyzer - INFO - LunarCrush stocks list fetched: 2160 stocks
2025-06-24 23:35:50,540 - modules.market_regime_analyzer - INFO - LunarCrush stocks sentiment for SPY: 50
2025-06-24 23:35:50,542 - modules.market_regime_analyzer - WARNING - Stock QQQ not found in LunarCrush stocks list
2025-06-24 23:35:50,543 - modules.market_regime_analyzer - WARNING - Stock QQQ not found in LunarCrush stocks list
2025-06-24 23:35:50,544 - modules.market_regime_analyzer - WARNING - Stock VTI not found in LunarCrush stocks list
2025-06-24 23:35:50,544 - modules.market_regime_analyzer - WARNING - Stock VTI not found in LunarCrush stocks list
2025-06-24 23:35:50,546 - modules.market_regime_analyzer - WARNING - Stock IWM not found in LunarCrush stocks list
2025-06-24 23:35:50,546 - modules.market_regime_analyzer - WARNING - Stock IWM not found in LunarCrush stocks list
2025-06-24 23:35:50,547 - modules.market_regime_analyzer - INFO - Market regime analysis completed for ETH
2025-06-24 23:35:53,017 - modules.data_fetcher - INFO - Selected 70 coins for analysis
2025-06-24 23:36:01,952 - __main__ - INFO - Quality setup: APT SHORT (binance) - 83% probability, Risk: 6.0%, R:R: 2.48
2025-06-24 23:36:02,338 - __main__ - INFO - Quality setup: APT SHORT (bybit) - 83% probability, Risk: 6.0%, R:R: 2.49
2025-06-24 23:36:02,967 - __main__ - INFO - Quality setup: APT SHORT (kucoin) - 83% probability, Risk: 6.0%, R:R: 2.49
2025-06-24 23:36:03,528 - __main__ - INFO - Quality setup: APT SHORT (okx) - 83% probability, Risk: 6.0%, R:R: 2.49
2025-06-24 23:36:13,014 - __main__ - INFO - Quality setup: ATOM SHORT (binance) - 68% probability, Risk: 2.6%, R:R: 2.1
2025-06-24 23:36:17,328 - __main__ - INFO - Quality setup: ALGO SHORT (kucoin) - 68% probability, Risk: 1.8%, R:R: 4.75
2025-06-24 23:36:17,885 - __main__ - INFO - Quality setup: ALGO SHORT (okx) - 81% probability, Risk: 1.8%, R:R: 4.78
2025-06-24 23:36:19,745 - __main__ - INFO - Quality setup: ZEC SHORT (kucoin) - 68% probability, Risk: 2.4%, R:R: 2.57
2025-06-24 23:36:21,985 - __main__ - INFO - Quality setup: STX SHORT (kucoin) - 78% probability, Risk: 3.4%, R:R: 3.13
2025-06-24 23:36:27,865 - __main__ - INFO - Quality setup: XDC SHORT (kucoin) - 65% probability, Risk: 3.8%, R:R: 1.05
2025-06-24 23:36:36,646 - __main__ - INFO - Quality setup: ZEN SHORT (bybit) - 65% probability, Risk: 6.6%, R:R: 0.57
2025-06-24 23:36:37,387 - __main__ - INFO - Quality setup: ZEN SHORT (kucoin) - 65% probability, Risk: 6.7%, R:R: 0.55
2025-06-24 23:36:54,953 - sentiment - INFO - LunarCrush API call for APT: 404
2025-06-24 23:36:54,953 - sentiment - INFO - Symbol query failed for APT, trying ID lookup approach...
2025-06-24 23:36:55,693 - sentiment - INFO - LunarCrush ID lookup successful for APT (ID: 70832)
2025-06-24 23:37:04,958 - sentiment - INFO - TokenMetrics API call for APT: 200
2025-06-24 23:37:04,959 - sentiment - INFO - TokenMetrics response for APT: success=True, length=10
2025-06-24 23:37:04,960 - sentiment - INFO - TokenMetrics extracted for APT: TM_Grade=16.19, TA_Grade=9.89, Quant_Grade=41.38
2025-06-24 23:37:11,338 - sentiment - INFO - LunarCrush API call for ALGO: 404
2025-06-24 23:37:11,338 - sentiment - INFO - Symbol query failed for ALGO, trying ID lookup approach...
2025-06-24 23:37:11,841 - sentiment - INFO - LunarCrush ID lookup successful for ALGO (ID: 2108)
2025-06-24 23:37:19,024 - sentiment - INFO - TokenMetrics API call for ALGO: 200
2025-06-24 23:37:19,025 - sentiment - INFO - TokenMetrics response for ALGO: success=True, length=10
2025-06-24 23:37:19,025 - sentiment - INFO - TokenMetrics extracted for ALGO: TM_Grade=14.83, TA_Grade=9.87, Quant_Grade=34.67
2025-06-24 23:37:25,380 - sentiment - INFO - LunarCrush API call for STX: 404
2025-06-24 23:37:25,382 - sentiment - INFO - Symbol query failed for STX, trying ID lookup approach...
2025-06-24 23:37:25,933 - sentiment - INFO - LunarCrush ID lookup successful for STX (ID: 830)
2025-06-24 23:37:33,019 - sentiment - INFO - TokenMetrics API call for STX: 200
2025-06-24 23:37:33,021 - sentiment - INFO - TokenMetrics response for STX: success=True, length=10
2025-06-24 23:37:33,021 - sentiment - INFO - TokenMetrics extracted for STX: TM_Grade=18.31, TA_Grade=9.82, Quant_Grade=52.27
2025-06-24 23:37:39,363 - sentiment - INFO - LunarCrush API call for ZEC: 404
2025-06-24 23:37:39,365 - sentiment - INFO - Symbol query failed for ZEC, trying ID lookup approach...
2025-06-24 23:37:40,308 - sentiment - INFO - LunarCrush ID lookup successful for ZEC (ID: 26)
2025-06-24 23:37:47,670 - sentiment - INFO - TokenMetrics API call for ZEC: 200
2025-06-24 23:37:47,671 - sentiment - INFO - TokenMetrics response for ZEC: success=True, length=10
2025-06-24 23:37:47,671 - sentiment - INFO - TokenMetrics extracted for ZEC: TM_Grade=14.73, TA_Grade=9.91, Quant_Grade=33.97
2025-06-24 23:37:54,022 - sentiment - INFO - LunarCrush API call for ATOM: 404
2025-06-24 23:37:54,023 - sentiment - INFO - Symbol query failed for ATOM, trying ID lookup approach...
2025-06-24 23:37:54,560 - sentiment - INFO - LunarCrush ID lookup successful for ATOM (ID: 19)
2025-06-24 23:38:01,617 - sentiment - INFO - TokenMetrics API call for ATOM: 200
2025-06-24 23:38:01,618 - sentiment - INFO - TokenMetrics response for ATOM: success=True, length=10
2025-06-24 23:38:01,618 - sentiment - INFO - TokenMetrics extracted for ATOM: TM_Grade=16.99, TA_Grade=9.92, Quant_Grade=45.29
2025-06-24 23:38:07,963 - sentiment - INFO - LunarCrush API call for XDC: 404
2025-06-24 23:38:07,963 - sentiment - INFO - Symbol query failed for XDC, trying ID lookup approach...
2025-06-24 23:38:08,502 - sentiment - INFO - LunarCrush ID lookup successful for XDC (ID: 66919)
2025-06-24 23:38:16,343 - sentiment - INFO - TokenMetrics API call for XDC: 200
2025-06-24 23:38:16,344 - sentiment - INFO - TokenMetrics response for XDC: success=True, length=10
2025-06-24 23:38:16,344 - sentiment - INFO - TokenMetrics extracted for XDC: TM_Grade=18.77, TA_Grade=9.91, Quant_Grade=54.23
2025-06-24 23:38:22,694 - sentiment - INFO - LunarCrush API call for ZEN: 404
2025-06-24 23:38:22,694 - sentiment - INFO - Symbol query failed for ZEN, trying ID lookup approach...
2025-06-24 23:38:23,233 - sentiment - INFO - LunarCrush ID lookup successful for ZEN (ID: 103)
2025-06-24 23:38:30,360 - sentiment - INFO - TokenMetrics API call for ZEN: 200
2025-06-24 23:38:30,361 - sentiment - INFO - TokenMetrics response for ZEN: success=True, length=10
2025-06-24 23:38:30,361 - sentiment - INFO - TokenMetrics extracted for ZEN: TM_Grade=16.98, TA_Grade=9.85, Quant_Grade=45.5
2025-06-24 23:38:36,700 - sentiment - INFO - LunarCrush API call for NEAR: 404
2025-06-24 23:38:36,701 - sentiment - INFO - Symbol query failed for NEAR, trying ID lookup approach...
2025-06-24 23:38:37,289 - sentiment - INFO - LunarCrush ID lookup successful for NEAR (ID: 3377)
2025-06-24 23:38:45,170 - sentiment - INFO - TokenMetrics API call for NEAR: 200
2025-06-24 23:38:45,170 - sentiment - INFO - TokenMetrics response for NEAR: success=True, length=10
2025-06-24 23:38:45,170 - sentiment - INFO - TokenMetrics extracted for NEAR: TM_Grade=18.06, TA_Grade=9.87, Quant_Grade=50.85
2025-06-24 23:38:51,581 - sentiment - INFO - LunarCrush API call for MINA: 404
2025-06-24 23:38:51,582 - sentiment - INFO - Symbol query failed for MINA, trying ID lookup approach...
2025-06-24 23:38:52,190 - sentiment - INFO - LunarCrush ID lookup successful for MINA (ID: 12687)
2025-06-24 23:38:59,263 - sentiment - INFO - TokenMetrics API call for MINA: 200
2025-06-24 23:38:59,264 - sentiment - INFO - TokenMetrics response for MINA: success=True, length=10
2025-06-24 23:38:59,265 - sentiment - INFO - TokenMetrics extracted for MINA: TM_Grade=13.37, TA_Grade=9.81, Quant_Grade=27.59
2025-06-24 23:39:05,619 - sentiment - INFO - LunarCrush API call for THETA: 404
2025-06-24 23:39:05,620 - sentiment - INFO - Symbol query failed for THETA, trying ID lookup approach...
2025-06-24 23:39:06,190 - sentiment - INFO - LunarCrush ID lookup successful for THETA (ID: 64)
2025-06-24 23:39:13,304 - sentiment - INFO - TokenMetrics API call for THETA: 200
2025-06-24 23:39:13,304 - sentiment - INFO - TokenMetrics response for THETA: success=True, length=10
2025-06-24 23:39:13,305 - sentiment - INFO - TokenMetrics extracted for THETA: TM_Grade=18.36, TA_Grade=9.89, Quant_Grade=52.24
2025-06-24 23:39:13,717 - modules.market_regime_analyzer - WARNING - LunarCrush API key not available - stocks sentiment will use defaults
2025-06-24 23:39:13,719 - modules.output_generator - INFO - Market regime analysis sheet created successfully
2025-06-24 23:39:13,744 - modules.output_generator - INFO - Excel output saved to outputs/excel_reports/bb_analysis_20250624_233913.xlsx
