2025-06-24 21:22:48,302 - __main__ - INFO - Output directories created: outputs, outputs/excel_reports, outputs/logs, outputs/alerts
2025-06-24 21:22:55,269 - sentiment - INFO - LunarCrush API call for BTC: 404
2025-06-24 21:22:55,270 - sentiment - INFO - Symbol query failed for BTC, trying ID lookup approach...
2025-06-24 21:22:57,029 - sentiment - INFO - Cached 6721 coins from LunarCrush list
2025-06-24 21:22:57,652 - sentiment - INFO - LunarCrush ID lookup successful for BTC (ID: 1)
2025-06-24 21:23:46,808 - sentiment - INFO - TokenMetrics API call for BTC: 200
2025-06-24 21:23:46,809 - sentiment - INFO - TokenMetrics response for BTC: success=True, length=10
2025-06-24 21:23:46,809 - sentiment - INFO - TokenMetrics extracted for BTC: TM_Grade=46.99, TA_Grade=47.01, Quant_Grade=46.91
2025-06-24 21:23:48,668 - modules.market_regime_analyzer - INFO - Market regime analysis completed for ETH
2025-06-24 21:23:52,006 - modules.data_fetcher - INFO - Selected 71 coins for analysis
2025-06-24 21:24:01,805 - __main__ - INFO - Quality setup: APT SHORT (binance) - 83% probability, Risk: 3.4%, R:R: 4.96
2025-06-24 21:24:02,183 - __main__ - INFO - Quality setup: APT SHORT (bybit) - 83% probability, Risk: 3.4%, R:R: 4.98
2025-06-24 21:24:02,795 - __main__ - INFO - Quality setup: APT SHORT (kucoin) - 83% probability, Risk: 3.3%, R:R: 5.08
2025-06-24 21:24:03,374 - __main__ - INFO - Quality setup: APT SHORT (okx) - 83% probability, Risk: 3.5%, R:R: 4.98
2025-06-24 21:24:35,223 - __main__ - INFO - Quality setup: ZEN SHORT (bybit) - 68% probability, Risk: 5.0%, R:R: 1.15
2025-06-24 21:24:35,832 - __main__ - INFO - Quality setup: ZEN SHORT (kucoin) - 68% probability, Risk: 4.8%, R:R: 1.19
2025-06-24 21:24:50,154 - sentiment - INFO - LunarCrush API call for APT: 404
2025-06-24 21:24:50,154 - sentiment - INFO - Symbol query failed for APT, trying ID lookup approach...
2025-06-24 21:24:50,757 - sentiment - INFO - LunarCrush ID lookup successful for APT (ID: 70832)
2025-06-24 21:24:58,041 - sentiment - INFO - TokenMetrics API call for APT: 200
2025-06-24 21:24:58,041 - sentiment - INFO - TokenMetrics response for APT: success=True, length=10
2025-06-24 21:24:58,041 - sentiment - INFO - TokenMetrics extracted for APT: TM_Grade=16.19, TA_Grade=9.89, Quant_Grade=41.38
2025-06-24 21:25:04,454 - sentiment - INFO - LunarCrush API call for ZEN: 404
2025-06-24 21:25:04,454 - sentiment - INFO - Symbol query failed for ZEN, trying ID lookup approach...
2025-06-24 21:25:05,049 - sentiment - INFO - LunarCrush ID lookup successful for ZEN (ID: 103)
2025-06-24 21:25:12,054 - sentiment - INFO - TokenMetrics API call for ZEN: 200
2025-06-24 21:25:12,054 - sentiment - INFO - TokenMetrics response for ZEN: success=True, length=10
2025-06-24 21:25:12,055 - sentiment - INFO - TokenMetrics extracted for ZEN: TM_Grade=16.98, TA_Grade=9.85, Quant_Grade=45.5
2025-06-24 21:25:18,388 - sentiment - INFO - LunarCrush API call for THETA: 404
2025-06-24 21:25:18,388 - sentiment - INFO - Symbol query failed for THETA, trying ID lookup approach...
2025-06-24 21:25:18,995 - sentiment - INFO - LunarCrush ID lookup successful for THETA (ID: 64)
2025-06-24 21:25:26,821 - sentiment - INFO - TokenMetrics API call for THETA: 200
2025-06-24 21:25:26,821 - sentiment - INFO - TokenMetrics response for THETA: success=True, length=10
2025-06-24 21:25:26,821 - sentiment - INFO - TokenMetrics extracted for THETA: TM_Grade=18.36, TA_Grade=9.89, Quant_Grade=52.24
2025-06-24 21:25:33,185 - sentiment - INFO - LunarCrush API call for XDC: 404
2025-06-24 21:25:33,186 - sentiment - INFO - Symbol query failed for XDC, trying ID lookup approach...
2025-06-24 21:25:33,800 - sentiment - INFO - LunarCrush ID lookup successful for XDC (ID: 66919)
2025-06-24 21:25:41,146 - sentiment - INFO - TokenMetrics API call for XDC: 200
2025-06-24 21:25:41,146 - sentiment - INFO - TokenMetrics response for XDC: success=True, length=10
2025-06-24 21:25:41,147 - sentiment - INFO - TokenMetrics extracted for XDC: TM_Grade=18.77, TA_Grade=9.91, Quant_Grade=54.23
2025-06-24 21:25:41,301 - modules.output_generator - INFO - Market regime analysis sheet created successfully
2025-06-24 21:25:41,312 - modules.output_generator - INFO - Excel output saved to outputs/excel_reports/bb_analysis_20250624_212541.xlsx
