2025-06-25 00:08:27,091 - __main__ - INFO - Output directories created: outputs, outputs/excel_reports, outputs/logs, outputs/alerts
2025-06-25 00:08:33,855 - sentiment - INFO - LunarCrush API call for BTC: 404
2025-06-25 00:08:33,855 - sentiment - INFO - Symbol query failed for BTC, trying ID lookup approach...
2025-06-25 00:08:35,338 - sentiment - INFO - Cached 6723 coins from LunarCrush list
2025-06-25 00:08:35,931 - sentiment - INFO - LunarCrush ID lookup successful for BTC (ID: 1)
2025-06-25 00:08:43,051 - sentiment - INFO - TokenMetrics API call for BTC: 200
2025-06-25 00:08:43,051 - sentiment - INFO - TokenMetrics response for BTC: success=True, length=10
2025-06-25 00:08:43,051 - sentiment - INFO - TokenMetrics extracted for BTC: TM_Grade=46.99, TA_Grade=47.01, Quant_Grade=46.91
2025-06-25 00:08:47,264 - modules.market_regime_analyzer - INFO - Traditional market SPY: 1.10% (RISING)
2025-06-25 00:08:47,606 - modules.market_regime_analyzer - INFO - Traditional market ^VIX: -11.70% (FALLING)
2025-06-25 00:08:47,938 - modules.market_regime_analyzer - INFO - Traditional market DX-Y.NYB: -0.50% (STABLE)
2025-06-25 00:08:48,318 - modules.market_regime_analyzer - INFO - Traditional market QQQ: 1.53% (RISING)
2025-06-25 00:08:49,480 - modules.market_regime_analyzer - INFO - LunarCrush stocks list fetched: 2160 stocks
2025-06-25 00:08:49,973 - modules.market_regime_analyzer - INFO - LunarCrush stocks sentiment for SPY: Neutral
2025-06-25 00:08:50,481 - modules.market_regime_analyzer - INFO - LunarCrush stocks sentiment for AAPL: Neutral
2025-06-25 00:08:51,033 - modules.market_regime_analyzer - INFO - LunarCrush stocks sentiment for MSFT: Neutral
2025-06-25 00:08:51,827 - modules.market_regime_analyzer - INFO - LunarCrush stocks sentiment for NVDA: Neutral
2025-06-25 00:08:52,748 - modules.market_regime_analyzer - INFO - LunarCrush stocks sentiment for TSLA: Neutral
2025-06-25 00:08:53,256 - modules.market_regime_analyzer - INFO - LunarCrush stocks sentiment for AMZN: Neutral
2025-06-25 00:08:53,767 - modules.market_regime_analyzer - INFO - LunarCrush stocks sentiment for GOOGL: Neutral
2025-06-25 00:08:53,768 - modules.market_regime_analyzer - INFO - Market regime analysis completed for ETH
2025-06-25 00:08:56,786 - modules.data_fetcher - INFO - Selected 70 coins for analysis
