2025-06-22 11:31:44,144 - __main__ - INFO - Output directories created: outputs, outputs/excel_reports, outputs/logs, outputs/alerts
2025-06-22 11:31:46,862 - modules.data_fetcher - INFO - Selected 67 coins for analysis
2025-06-22 11:31:54,841 - __main__ - INFO - Quality setup: ADA LONG (bybit) - 68% probability, Risk: 1.6%, R:R: 3.59
2025-06-22 11:31:55,532 - __main__ - INFO - Quality setup: ADA LONG (kucoin) - 68% probability, Risk: 1.5%, R:R: 3.67
2025-06-22 11:32:04,882 - __main__ - INFO - Quality setup: HBAR LONG (binance) - 78% probability, Risk: 0.9%, R:R: 6.14
2025-06-22 11:32:05,982 - __main__ - INFO - Quality setup: HBAR LONG (kucoin) - 68% probability, Risk: 0.9%, R:R: 6.12
2025-06-22 11:32:06,575 - __main__ - INFO - Quality setup: HBAR LONG (okx) - 78% probability, Risk: 0.9%, R:R: 6.22
2025-06-22 11:32:08,477 - __main__ - INFO - Quality setup: NEAR LONG (kucoin) - 73% probability, Risk: 1.7%, R:R: 4.63
2025-06-22 11:32:11,621 - __main__ - INFO - Quality setup: FET LONG (bybit) - 68% probability, Risk: 1.6%, R:R: 5.44
2025-06-22 11:32:12,615 - __main__ - INFO - Quality setup: ETC LONG (binance) - 81% probability, Risk: 1.4%, R:R: 3.79
2025-06-22 11:32:13,008 - __main__ - INFO - Quality setup: ETC LONG (bybit) - 81% probability, Risk: 1.4%, R:R: 3.68
2025-06-22 11:32:13,682 - __main__ - INFO - Quality setup: ETC LONG (kucoin) - 83% probability, Risk: 1.4%, R:R: 3.62
2025-06-22 11:32:14,184 - __main__ - INFO - Quality setup: ETC LONG (okx) - 83% probability, Risk: 1.4%, R:R: 3.55
2025-06-22 11:32:16,075 - __main__ - INFO - Quality setup: ALGO LONG (bybit) - 83% probability, Risk: 0.8%, R:R: 4.76
2025-06-22 11:32:18,176 - __main__ - INFO - Quality setup: ZEC LONG (binance) - 68% probability, Risk: 0.3%, R:R: 15.96
2025-06-22 11:32:18,840 - __main__ - INFO - Quality setup: ZEC LONG (kucoin) - 68% probability, Risk: 0.2%, R:R: 25.42
2025-06-22 11:32:22,503 - __main__ - INFO - Quality setup: BSV LONG (okx) - 71% probability, Risk: 1.1%, R:R: 3.68
2025-06-22 11:32:28,618 - __main__ - INFO - Quality setup: FLOW LONG (okx) - 78% probability, Risk: 1.3%, R:R: 4.47
2025-06-22 11:32:34,096 - __main__ - INFO - Quality setup: CELO LONG (binance) - 73% probability, Risk: 1.6%, R:R: 4.73
2025-06-22 11:32:34,879 - __main__ - INFO - Quality setup: CELO LONG (kucoin) - 73% probability, Risk: 1.7%, R:R: 4.47
2025-06-22 11:32:35,751 - __main__ - INFO - Quality setup: LUNA LONG (bybit) - 81% probability, Risk: 1.7%, R:R: 4.43
2025-06-22 11:32:40,536 - __main__ - INFO - Quality setup: CORE LONG (bybit) - 68% probability, Risk: 0.7%, R:R: 9.45
2025-06-22 11:32:42,892 - __main__ - INFO - Quality setup: ZIL LONG (binance) - 68% probability, Risk: 0.5%, R:R: 11.86
2025-06-22 11:32:43,287 - __main__ - INFO - Quality setup: ZIL LONG (bybit) - 68% probability, Risk: 0.5%, R:R: 12.7
2025-06-22 11:32:43,949 - __main__ - INFO - Quality setup: ZIL LONG (kucoin) - 78% probability, Risk: 0.9%, R:R: 6.58
2025-06-22 11:32:49,134 - __main__ - INFO - Quality setup: TAIKO LONG (bybit) - 73% probability, Risk: 0.7%, R:R: 10.93
2025-06-22 11:32:50,254 - __main__ - INFO - Quality setup: PHA LONG (kucoin) - 71% probability, Risk: 3.0%, R:R: 2.18
2025-06-22 11:32:51,080 - __main__ - INFO - Quality setup: KSM LONG (binance) - 81% probability, Risk: 0.2%, R:R: 43.13
2025-06-22 11:32:51,468 - __main__ - INFO - Quality setup: KSM LONG (bybit) - 68% probability, Risk: 0.6%, R:R: 13.78
2025-06-22 11:32:52,234 - __main__ - INFO - Quality setup: KSM LONG (okx) - 83% probability, Risk: 0.3%, R:R: 32.31
2025-06-22 11:32:55,998 - __main__ - INFO - Quality setup: ONE LONG (okx) - 81% probability, Risk: 1.5%, R:R: 5.94
2025-06-22 11:34:19,067 - modules.output_generator - ERROR - Error generating Excel output: 'tier'
2025-06-22 11:34:19,067 - modules.output_generator - ERROR - Error displaying terminal summary: 'tier'
