2025-06-22 18:21:20,620 - __main__ - INFO - Output directories created: outputs, outputs/excel_reports, outputs/logs, outputs/alerts
2025-06-22 18:21:23,575 - modules.data_fetcher - INFO - Selected 71 coins for analysis
2025-06-22 18:21:24,370 - __main__ - INFO - Quality setup: BTC LONG (binance) - 90% probability, Risk: 0.1%, R:R: 30.88
2025-06-22 18:21:25,022 - __main__ - INFO - Quality setup: BTC LONG (bybit) - 90% probability, Risk: 0.1%, R:R: 32.73
2025-06-22 18:21:25,695 - __main__ - INFO - Quality setup: BTC LONG (kucoin) - 90% probability, Risk: 0.1%, R:R: 37.15
2025-06-22 18:21:26,249 - __main__ - INFO - Quality setup: BTC LONG (okx) - 90% probability, Risk: 0.1%, R:R: 54.54
2025-06-22 18:21:45,963 - __main__ - INFO - Quality setup: TRX LONG (kucoin) - 71% probability, Risk: 0.0%, R:R: 172.33
2025-06-22 18:21:47,107 - __main__ - INFO - Quality setup: BCH LONG (binance) - 83% probability, Risk: 0.2%, R:R: 27.04
2025-06-22 18:21:47,492 - __main__ - INFO - Quality setup: BCH LONG (bybit) - 78% probability, Risk: 0.1%, R:R: 48.7
2025-06-22 18:21:48,241 - __main__ - INFO - Quality setup: BCH LONG (kucoin) - 81% probability, Risk: 0.1%, R:R: 38.68
2025-06-22 18:21:48,799 - __main__ - INFO - Quality setup: BCH LONG (okx) - 81% probability, Risk: 0.2%, R:R: 11.7
2025-06-22 18:21:49,431 - __main__ - INFO - Quality setup: AVAX LONG (binance) - 90% probability, Risk: 0.1%, R:R: 61.43
2025-06-22 18:21:49,829 - __main__ - INFO - Quality setup: AVAX LONG (bybit) - 90% probability, Risk: 0.1%, R:R: 64.25
2025-06-22 18:21:50,503 - __main__ - INFO - Quality setup: AVAX LONG (kucoin) - 90% probability, Risk: 0.1%, R:R: 73.45
2025-06-22 18:21:51,074 - __main__ - INFO - Quality setup: AVAX LONG (okx) - 88% probability, Risk: 0.1%, R:R: 55.64
2025-06-22 18:21:51,707 - __main__ - INFO - Quality setup: LTC LONG (binance) - 90% probability, Risk: 0.2%, R:R: 24.33
2025-06-22 18:21:52,094 - __main__ - INFO - Quality setup: LTC LONG (bybit) - 90% probability, Risk: 0.2%, R:R: 24.25
2025-06-22 18:21:52,952 - __main__ - INFO - Quality setup: LTC LONG (kucoin) - 90% probability, Risk: 0.2%, R:R: 23.39
2025-06-22 18:21:53,489 - __main__ - INFO - Quality setup: LTC LONG (okx) - 90% probability, Risk: 0.3%, R:R: 20.95
2025-06-22 18:22:13,450 - __main__ - INFO - Quality setup: FET LONG (okx) - 68% probability, Risk: 0.2%, R:R: 1232.2
2025-06-22 18:22:30,442 - __main__ - INFO - Quality setup: A LONG (binance) - 83% probability, Risk: 1.1%, R:R: 6.82
2025-06-22 18:22:30,978 - __main__ - INFO - Quality setup: A LONG (bybit) - 88% probability, Risk: 1.2%, R:R: 6.49
2025-06-22 18:22:31,644 - __main__ - INFO - Quality setup: A LONG (kucoin) - 83% probability, Risk: 1.3%, R:R: 5.93
2025-06-22 18:22:32,204 - __main__ - INFO - Quality setup: A LONG (okx) - 88% probability, Risk: 1.1%, R:R: 6.35
2025-06-22 18:22:38,159 - __main__ - INFO - Quality setup: BSV LONG (okx) - 78% probability, Risk: 0.3%, R:R: 17.27
2025-06-22 18:22:42,546 - __main__ - INFO - Quality setup: AR LONG (binance) - 83% probability, Risk: 0.4%, R:R: 26.62
2025-06-22 18:22:42,983 - __main__ - INFO - Quality setup: AR LONG (bybit) - 73% probability, Risk: 0.3%, R:R: 14.95
2025-06-22 18:22:43,664 - __main__ - INFO - Quality setup: AR LONG (kucoin) - 68% probability, Risk: 0.5%, R:R: 23.53
2025-06-22 18:22:44,279 - __main__ - INFO - Quality setup: AR LONG (okx) - 83% probability, Risk: 0.4%, R:R: 26.36
2025-06-22 18:22:53,200 - __main__ - INFO - Quality setup: XDC LONG (bybit) - 83% probability, Risk: 0.1%, R:R: 24.96
2025-06-22 18:22:53,842 - __main__ - INFO - Quality setup: XDC LONG (kucoin) - 68% probability, Risk: 0.2%, R:R: 17.08
2025-06-22 18:23:02,509 - __main__ - INFO - Quality setup: XTZ LONG (binance) - 90% probability, Risk: 0.1%, R:R: 53.76
2025-06-22 18:23:03,044 - __main__ - INFO - Quality setup: XTZ LONG (bybit) - 90% probability, Risk: 0.2%, R:R: 33.5
2025-06-22 18:23:04,368 - __main__ - INFO - Quality setup: XTZ LONG (okx) - 90% probability, Risk: 0.4%, R:R: 23.37
2025-06-22 18:23:18,340 - __main__ - INFO - Quality setup: ZEN LONG (binance) - 86% probability, Risk: 1.1%, R:R: 9.71
2025-06-22 18:23:18,690 - __main__ - INFO - Quality setup: ZEN LONG (bybit) - 88% probability, Risk: 1.4%, R:R: 7.49
2025-06-22 18:23:19,415 - __main__ - INFO - Quality setup: ZEN LONG (kucoin) - 88% probability, Risk: 1.3%, R:R: 8.4
2025-06-22 18:23:30,102 - __main__ - INFO - Quality setup: PHA LONG (okx) - 83% probability, Risk: 0.3%, R:R: 32.64
2025-06-22 18:23:48,092 - sentiment - INFO - LunarCrush API call for AVAX: 404
2025-06-22 18:23:48,097 - sentiment - INFO - Symbol query failed for AVAX, trying ID lookup approach...
2025-06-22 18:23:49,851 - sentiment - INFO - Cached 6702 coins from LunarCrush list
2025-06-22 18:23:50,560 - sentiment - INFO - LunarCrush ID lookup successful for AVAX (ID: 2545)
2025-06-22 18:24:04,067 - sentiment - INFO - LunarCrush API call for XTZ: 404
2025-06-22 18:24:04,069 - sentiment - INFO - Symbol query failed for XTZ, trying ID lookup approach...
2025-06-22 18:24:04,932 - sentiment - INFO - LunarCrush ID lookup successful for XTZ (ID: 20)
2025-06-22 18:24:18,393 - sentiment - INFO - LunarCrush API call for BTC: 404
2025-06-22 18:24:18,394 - sentiment - INFO - Symbol query failed for BTC, trying ID lookup approach...
2025-06-22 18:24:18,960 - sentiment - INFO - LunarCrush ID lookup successful for BTC (ID: 1)
2025-06-22 18:24:32,276 - sentiment - INFO - LunarCrush API call for LTC: 404
2025-06-22 18:24:32,276 - sentiment - INFO - Symbol query failed for LTC, trying ID lookup approach...
2025-06-22 18:24:32,850 - sentiment - INFO - LunarCrush ID lookup successful for LTC (ID: 4)
2025-06-22 18:24:46,181 - sentiment - INFO - LunarCrush API call for ZEN: 404
2025-06-22 18:24:46,182 - sentiment - INFO - Symbol query failed for ZEN, trying ID lookup approach...
2025-06-22 18:24:46,713 - sentiment - INFO - LunarCrush ID lookup successful for ZEN (ID: 103)
2025-06-22 18:25:00,256 - sentiment - INFO - LunarCrush API call for A: 404
2025-06-22 18:25:00,256 - sentiment - INFO - Symbol query failed for A, trying ID lookup approach...
2025-06-22 18:25:00,956 - sentiment - INFO - LunarCrush ID lookup successful for A (ID: 3585)
2025-06-22 18:25:14,241 - sentiment - INFO - LunarCrush API call for PHA: 404
2025-06-22 18:25:14,241 - sentiment - INFO - Symbol query failed for PHA, trying ID lookup approach...
2025-06-22 18:25:14,826 - sentiment - INFO - LunarCrush ID lookup successful for PHA (ID: 2986)
2025-06-22 18:25:28,187 - sentiment - INFO - LunarCrush API call for BCH: 404
2025-06-22 18:25:28,188 - sentiment - INFO - Symbol query failed for BCH, trying ID lookup approach...
2025-06-22 18:25:28,779 - sentiment - INFO - LunarCrush ID lookup successful for BCH (ID: 5)
2025-06-22 18:25:42,154 - sentiment - INFO - LunarCrush API call for AR: 404
2025-06-22 18:25:42,154 - sentiment - INFO - Symbol query failed for AR, trying ID lookup approach...
2025-06-22 18:25:42,757 - sentiment - INFO - LunarCrush ID lookup successful for AR (ID: 3086)
2025-06-22 18:25:56,138 - sentiment - INFO - LunarCrush API call for XDC: 404
2025-06-22 18:25:56,138 - sentiment - INFO - Symbol query failed for XDC, trying ID lookup approach...
2025-06-22 18:25:56,844 - sentiment - INFO - LunarCrush ID lookup successful for XDC (ID: 66919)
2025-06-22 18:26:03,915 - modules.output_generator - INFO - Excel output saved to outputs/excel_reports/bb_analysis_20250622_182603.xlsx
