2025-07-03 20:38:10,215 - __main__ - INFO - Output directories created: outputs, outputs/excel_reports, outputs/logs, outputs/alerts
2025-07-03 20:38:17,074 - sentiment - INFO - LunarCrush API call for BTC: 404
2025-07-03 20:38:17,074 - sentiment - INFO - Symbol query failed for BTC, trying ID lookup approach...
2025-07-03 20:38:18,412 - sentiment - INFO - Cached 6838 coins from LunarCrush list
2025-07-03 20:38:19,302 - sentiment - INFO - LunarCrush ID lookup successful for BTC (ID: 1)
2025-07-03 20:38:26,235 - sentiment - INFO - TokenMetrics API call for BTC: 200
2025-07-03 20:38:26,236 - sentiment - INFO - TokenMetrics response for BTC: success=True, length=10
2025-07-03 20:38:26,236 - sentiment - INFO - TokenMetrics extracted for BTC: TM_Grade=89.59, TA_Grade=95.94, Quant_Grade=64.18
2025-07-03 20:38:29,352 - modules.market_regime_analyzer - INFO - Traditional market SPY: 0.88% (STABLE)
2025-07-03 20:38:29,561 - modules.market_regime_analyzer - INFO - Traditional market ^VIX: -0.84% (STABLE)
2025-07-03 20:38:29,749 - modules.market_regime_analyzer - INFO - Traditional market DX-Y.NYB: 0.43% (STABLE)
2025-07-03 20:38:29,976 - modules.market_regime_analyzer - INFO - Traditional market QQQ: 0.70% (STABLE)
2025-07-03 20:38:31,293 - modules.market_regime_analyzer - INFO - LunarCrush stocks list fetched: 2178 stocks
2025-07-03 20:38:32,149 - modules.market_regime_analyzer - INFO - LunarCrush stocks sentiment for SPY: Neutral
2025-07-03 20:38:33,187 - modules.market_regime_analyzer - INFO - LunarCrush stocks sentiment for AAPL: Neutral
2025-07-03 20:38:33,998 - modules.market_regime_analyzer - INFO - LunarCrush stocks sentiment for MSFT: Neutral
2025-07-03 20:38:34,917 - modules.market_regime_analyzer - INFO - LunarCrush stocks sentiment for NVDA: Neutral
2025-07-03 20:38:35,789 - modules.market_regime_analyzer - INFO - LunarCrush stocks sentiment for TSLA: Neutral
2025-07-03 20:38:36,643 - modules.market_regime_analyzer - INFO - LunarCrush stocks sentiment for AMZN: Neutral
2025-07-03 20:38:37,557 - modules.market_regime_analyzer - INFO - LunarCrush stocks sentiment for GOOGL: Neutral
2025-07-03 20:38:37,557 - modules.market_regime_analyzer - INFO - Market regime analysis completed for ETH
2025-07-03 20:38:41,156 - modules.data_fetcher - INFO - Selected 74 coins for analysis
