2025-06-22 17:45:43,519 - __main__ - INFO - Output directories created: outputs, outputs/excel_reports, outputs/logs, outputs/alerts
2025-06-22 17:45:46,119 - modules.data_fetcher - INFO - Selected 69 coins for analysis
2025-06-22 17:45:46,737 - __main__ - INFO - Quality setup: BTC LONG (binance) - 81% probability, Risk: 0.1%, R:R: 32.23
2025-06-22 17:45:47,107 - __main__ - INFO - Quality setup: BTC LONG (bybit) - 78% probability, Risk: 0.1%, R:R: 42.87
2025-06-22 17:45:47,855 - __main__ - INFO - Quality setup: BTC LONG (kucoin) - 78% probability, Risk: 0.1%, R:R: 42.26
2025-06-22 17:45:48,856 - __main__ - INFO - Quality setup: BTC LONG (okx) - 78% probability, Risk: 0.1%, R:R: 37.98
2025-06-22 17:45:49,485 - __main__ - INFO - Quality setup: ETH LONG (binance) - 88% probability, Risk: 0.0%, R:R: 3898.39
2025-06-22 17:45:50,685 - __main__ - INFO - Quality setup: ETH LONG (kucoin) - 90% probability, Risk: 0.0%, R:R: 952.42
2025-06-22 17:45:51,231 - __main__ - INFO - Quality setup: ETH LONG (okx) - 90% probability, Risk: 0.1%, R:R: 254.13
2025-06-22 17:46:10,036 - __main__ - INFO - Quality setup: AVAX LONG (binance) - 88% probability, Risk: 0.3%, R:R: 36.19
2025-06-22 17:46:10,504 - __main__ - INFO - Quality setup: AVAX LONG (bybit) - 78% probability, Risk: 0.3%, R:R: 30.59
2025-06-22 17:46:11,204 - __main__ - INFO - Quality setup: AVAX LONG (kucoin) - 90% probability, Risk: 0.3%, R:R: 38.38
2025-06-22 17:46:12,010 - __main__ - INFO - Quality setup: AVAX LONG (okx) - 86% probability, Risk: 0.3%, R:R: 37.76
2025-06-22 17:46:12,639 - __main__ - INFO - Quality setup: LTC LONG (binance) - 90% probability, Risk: 0.4%, R:R: 16.21
2025-06-22 17:46:13,068 - __main__ - INFO - Quality setup: LTC LONG (bybit) - 90% probability, Risk: 0.4%, R:R: 15.56
2025-06-22 17:46:13,801 - __main__ - INFO - Quality setup: LTC LONG (kucoin) - 88% probability, Risk: 0.4%, R:R: 15.31
2025-06-22 17:46:14,344 - __main__ - INFO - Quality setup: LTC LONG (okx) - 88% probability, Risk: 0.5%, R:R: 16.26
2025-06-22 17:46:33,691 - __main__ - INFO - Quality setup: FET LONG (bybit) - 81% probability, Risk: 0.6%, R:R: 19.44
2025-06-22 17:46:34,709 - __main__ - INFO - Quality setup: FET LONG (kucoin) - 68% probability, Risk: 0.7%, R:R: 16.84
2025-06-22 17:46:35,269 - __main__ - INFO - Quality setup: FET LONG (okx) - 68% probability, Risk: 0.7%, R:R: 16.8
2025-06-22 17:46:35,913 - __main__ - INFO - Quality setup: RUNE LONG (binance) - 90% probability, Risk: 0.2%, R:R: 61.51
2025-06-22 17:46:36,697 - __main__ - INFO - Quality setup: RUNE LONG (bybit) - 86% probability, Risk: 0.1%, R:R: 90.74
2025-06-22 17:46:37,357 - __main__ - INFO - Quality setup: RUNE LONG (kucoin) - 78% probability, Risk: 0.1%, R:R: 96.93
2025-06-22 17:46:37,994 - __main__ - INFO - Quality setup: ETC LONG (binance) - 83% probability, Risk: 0.5%, R:R: 15.28
2025-06-22 17:46:38,474 - __main__ - INFO - Quality setup: ETC LONG (bybit) - 81% probability, Risk: 0.4%, R:R: 18.51
2025-06-22 17:46:39,211 - __main__ - INFO - Quality setup: ETC LONG (kucoin) - 83% probability, Risk: 0.6%, R:R: 13.42
2025-06-22 17:46:40,167 - __main__ - INFO - Quality setup: ETC LONG (okx) - 81% probability, Risk: 0.8%, R:R: 25.29
2025-06-22 17:46:40,789 - __main__ - INFO - Quality setup: ATOM LONG (binance) - 90% probability, Risk: 0.1%, R:R: 99.93
2025-06-22 17:46:41,217 - __main__ - INFO - Quality setup: ATOM LONG (bybit) - 90% probability, Risk: 0.1%, R:R: 110.04
2025-06-22 17:46:42,250 - __main__ - INFO - Quality setup: ATOM LONG (kucoin) - 90% probability, Risk: 0.2%, R:R: 43.06
2025-06-22 17:46:46,259 - __main__ - INFO - Quality setup: ALGO LONG (okx) - 73% probability, Risk: 0.1%, R:R: 94.8
2025-06-22 17:46:50,746 - __main__ - INFO - Quality setup: ZEC LONG (binance) - 90% probability, Risk: 0.3%, R:R: 15.04
2025-06-22 17:46:51,461 - __main__ - INFO - Quality setup: ZEC LONG (kucoin) - 78% probability, Risk: 0.4%, R:R: 18.25
2025-06-22 17:46:52,096 - __main__ - INFO - Quality setup: A LONG (binance) - 83% probability, Risk: 1.1%, R:R: 6.82
2025-06-22 17:46:52,484 - __main__ - INFO - Quality setup: A LONG (bybit) - 88% probability, Risk: 1.2%, R:R: 6.18
2025-06-22 17:46:53,123 - __main__ - INFO - Quality setup: A LONG (kucoin) - 83% probability, Risk: 1.2%, R:R: 6.42
2025-06-22 17:46:53,675 - __main__ - INFO - Quality setup: A LONG (okx) - 88% probability, Risk: 1.2%, R:R: 7.02
2025-06-22 17:46:54,310 - __main__ - INFO - Quality setup: QTUM LONG (binance) - 78% probability, Risk: 0.1%, R:R: 69.69
2025-06-22 17:46:55,702 - __main__ - INFO - Quality setup: QTUM LONG (okx) - 78% probability, Risk: 0.2%, R:R: 41.79
2025-06-22 17:46:56,790 - __main__ - INFO - Quality setup: BSV LONG (okx) - 68% probability, Risk: 0.6%, R:R: 11.2
2025-06-22 17:46:59,676 - __main__ - INFO - Quality setup: NEO LONG (binance) - 68% probability, Risk: 0.4%, R:R: 25.76
2025-06-22 17:47:00,440 - __main__ - INFO - Quality setup: NEO LONG (okx) - 68% probability, Risk: 0.4%, R:R: 26.42
2025-06-22 17:47:01,106 - __main__ - INFO - Quality setup: VET LONG (binance) - 86% probability, Risk: 0.3%, R:R: 34.23
2025-06-22 17:47:01,474 - __main__ - INFO - Quality setup: VET LONG (bybit) - 88% probability, Risk: 0.3%, R:R: 37.0
2025-06-22 17:47:02,373 - __main__ - INFO - Quality setup: VET LONG (kucoin) - 86% probability, Risk: 0.3%, R:R: 37.29
2025-06-22 17:47:02,977 - __main__ - INFO - Quality setup: AR LONG (binance) - 73% probability, Risk: 0.9%, R:R: 11.85
2025-06-22 17:47:03,387 - __main__ - INFO - Quality setup: AR LONG (bybit) - 73% probability, Risk: 0.7%, R:R: 14.95
2025-06-22 17:47:04,181 - __main__ - INFO - Quality setup: AR LONG (kucoin) - 68% probability, Risk: 0.5%, R:R: 21.3
2025-06-22 17:47:04,774 - __main__ - INFO - Quality setup: AR LONG (okx) - 73% probability, Risk: 0.8%, R:R: 14.63
2025-06-22 17:47:09,976 - __main__ - INFO - Quality setup: DASH LONG (binance) - 88% probability, Risk: 0.1%, R:R: 69.99
2025-06-22 17:47:10,851 - __main__ - INFO - Quality setup: DASH LONG (kucoin) - 68% probability, Risk: 0.2%, R:R: 35.22
2025-06-22 17:47:11,922 - __main__ - INFO - Quality setup: THETA LONG (binance) - 83% probability, Risk: 0.4%, R:R: 25.65
2025-06-22 17:47:13,102 - __main__ - INFO - Quality setup: THETA LONG (kucoin) - 86% probability, Risk: 0.7%, R:R: 15.17
2025-06-22 17:47:13,920 - __main__ - INFO - Quality setup: THETA LONG (okx) - 78% probability, Risk: 0.7%, R:R: 17.5
2025-06-22 17:47:14,856 - __main__ - INFO - Quality setup: XDC LONG (bybit) - 83% probability, Risk: 0.6%, R:R: 5.33
2025-06-22 17:47:15,701 - __main__ - INFO - Quality setup: XDC LONG (kucoin) - 68% probability, Risk: 0.7%, R:R: 4.74
2025-06-22 17:47:18,897 - __main__ - INFO - Quality setup: CELO LONG (binance) - 81% probability, Risk: 0.6%, R:R: 17.12
2025-06-22 17:47:19,295 - __main__ - INFO - Quality setup: CELO LONG (bybit) - 78% probability, Risk: 0.3%, R:R: 33.15
2025-06-22 17:47:20,066 - __main__ - INFO - Quality setup: CELO LONG (kucoin) - 81% probability, Risk: 0.6%, R:R: 17.22
2025-06-22 17:47:20,706 - __main__ - INFO - Quality setup: CELO LONG (okx) - 68% probability, Risk: 0.6%, R:R: 17.08
2025-06-22 17:47:26,663 - __main__ - INFO - Quality setup: XTZ LONG (binance) - 78% probability, Risk: 0.7%, R:R: 8.82
2025-06-22 17:47:28,064 - __main__ - INFO - Quality setup: XTZ LONG (okx) - 90% probability, Risk: 0.8%, R:R: 7.28
2025-06-22 17:47:31,280 - __main__ - INFO - Quality setup: EGLD LONG (binance) - 83% probability, Risk: 0.1%, R:R: 161.96
2025-06-22 17:47:31,821 - __main__ - INFO - Quality setup: EGLD LONG (bybit) - 83% probability, Risk: 0.2%, R:R: 45.98
2025-06-22 17:47:32,596 - __main__ - INFO - Quality setup: EGLD LONG (kucoin) - 81% probability, Risk: 0.2%, R:R: 40.46
2025-06-22 17:47:35,722 - __main__ - INFO - Quality setup: WAVES LONG (bybit) - 83% probability, Risk: 0.4%, R:R: 19.74
2025-06-22 17:47:36,610 - __main__ - INFO - Quality setup: WAVES LONG (kucoin) - 73% probability, Risk: 0.5%, R:R: 13.69
2025-06-22 17:47:37,229 - __main__ - INFO - Quality setup: ZEN LONG (binance) - 83% probability, Risk: 1.8%, R:R: 5.69
2025-06-22 17:47:37,609 - __main__ - INFO - Quality setup: ZEN LONG (bybit) - 88% probability, Risk: 1.9%, R:R: 5.44
2025-06-22 17:47:38,536 - __main__ - INFO - Quality setup: ZEN LONG (kucoin) - 88% probability, Risk: 1.8%, R:R: 5.61
2025-06-22 17:47:40,432 - __main__ - INFO - Quality setup: ZIL LONG (kucoin) - 81% probability, Risk: 0.1%, R:R: 95.38
2025-06-22 17:47:43,672 - __main__ - INFO - Quality setup: TAIKO LONG (bybit) - 68% probability, Risk: 0.3%, R:R: 26.42
2025-06-22 17:47:47,098 - __main__ - INFO - Quality setup: COTI LONG (binance) - 83% probability, Risk: 0.2%, R:R: 55.18
2025-06-22 17:47:47,791 - __main__ - INFO - Quality setup: COTI LONG (kucoin) - 68% probability, Risk: 0.4%, R:R: 31.39
2025-06-22 17:47:49,871 - __main__ - INFO - Quality setup: PHA LONG (binance) - 78% probability, Risk: 1.0%, R:R: 9.41
2025-06-22 17:47:50,697 - __main__ - INFO - Quality setup: PHA LONG (kucoin) - 78% probability, Risk: 1.0%, R:R: 9.16
2025-06-22 17:47:51,417 - __main__ - INFO - Quality setup: PHA LONG (okx) - 81% probability, Risk: 0.5%, R:R: 19.74
2025-06-22 17:47:55,699 - __main__ - INFO - Quality setup: ONE LONG (kucoin) - 78% probability, Risk: 0.2%, R:R: 56.25
2025-06-22 17:48:06,645 - sentiment - INFO - LunarCrush API call for ETH: 404
2025-06-22 17:48:06,646 - sentiment - INFO - Symbol query failed for ETH, trying ID lookup approach...
2025-06-22 17:48:08,379 - sentiment - INFO - Cached 6702 coins from LunarCrush list
2025-06-22 17:48:08,957 - sentiment - INFO - LunarCrush ID lookup successful for ETH (ID: 2)
2025-06-22 17:49:01,433 - sentiment - INFO - LunarCrush API call for ATOM: 404
2025-06-22 17:49:01,434 - sentiment - INFO - Symbol query failed for ATOM, trying ID lookup approach...
2025-06-22 17:49:01,994 - sentiment - INFO - LunarCrush ID lookup successful for ATOM (ID: 19)
2025-06-22 17:49:15,387 - sentiment - INFO - LunarCrush API call for RUNE: 404
2025-06-22 17:49:15,387 - sentiment - INFO - Symbol query failed for RUNE, trying ID lookup approach...
2025-06-22 17:49:15,955 - sentiment - INFO - LunarCrush ID lookup successful for RUNE (ID: 2222)
2025-06-22 17:49:29,328 - sentiment - INFO - LunarCrush API call for AVAX: 404
2025-06-22 17:49:29,328 - sentiment - INFO - Symbol query failed for AVAX, trying ID lookup approach...
2025-06-22 17:49:29,851 - sentiment - INFO - LunarCrush ID lookup successful for AVAX (ID: 2545)
2025-06-22 17:49:43,139 - sentiment - INFO - LunarCrush API call for LTC: 404
2025-06-22 17:49:43,139 - sentiment - INFO - Symbol query failed for LTC, trying ID lookup approach...
2025-06-22 17:49:43,655 - sentiment - INFO - LunarCrush ID lookup successful for LTC (ID: 4)
2025-06-22 17:49:56,933 - sentiment - INFO - LunarCrush API call for ZEC: 404
2025-06-22 17:49:56,934 - sentiment - INFO - Symbol query failed for ZEC, trying ID lookup approach...
2025-06-22 17:49:57,484 - sentiment - INFO - LunarCrush ID lookup successful for ZEC (ID: 26)
2025-06-22 17:50:10,780 - sentiment - INFO - LunarCrush API call for XTZ: 404
2025-06-22 17:50:10,781 - sentiment - INFO - Symbol query failed for XTZ, trying ID lookup approach...
2025-06-22 17:50:11,556 - sentiment - INFO - LunarCrush ID lookup successful for XTZ (ID: 20)
2025-06-22 17:50:25,047 - sentiment - INFO - LunarCrush API call for DASH: 404
2025-06-22 17:50:25,048 - sentiment - INFO - Symbol query failed for DASH, trying ID lookup approach...
2025-06-22 17:50:25,737 - sentiment - INFO - LunarCrush ID lookup successful for DASH (ID: 15)
2025-06-22 17:50:39,184 - sentiment - INFO - LunarCrush API call for VET: 404
2025-06-22 17:50:39,184 - sentiment - INFO - Symbol query failed for VET, trying ID lookup approach...
2025-06-22 17:50:40,695 - sentiment - INFO - LunarCrush ID lookup successful for VET (ID: 32)
2025-06-22 17:50:54,065 - sentiment - INFO - LunarCrush API call for A: 404
2025-06-22 17:50:54,065 - sentiment - INFO - Symbol query failed for A, trying ID lookup approach...
2025-06-22 17:50:54,647 - sentiment - INFO - LunarCrush ID lookup successful for A (ID: 3585)
2025-06-22 17:51:01,762 - modules.output_generator - INFO - Excel output saved to outputs/excel_reports/bb_analysis_20250622_175101.xlsx
