2025-06-22 15:54:50,070 - __main__ - INFO - Output directories created: outputs, outputs/excel_reports, outputs/logs, outputs/alerts
2025-06-22 15:54:53,326 - modules.data_fetcher - INFO - Selected 67 coins for analysis
2025-06-22 15:54:54,813 - __main__ - INFO - Quality setup: ETH LONG (binance) - 73% probability, Risk: 2.1%, R:R: 3.39
2025-06-22 15:54:55,194 - __main__ - INFO - Quality setup: ETH LONG (bybit) - 78% probability, Risk: 2.1%, R:R: 3.37
2025-06-22 15:54:55,865 - __main__ - INFO - Quality setup: ETH LONG (kucoin) - 78% probability, Risk: 2.1%, R:R: 3.38
2025-06-22 15:54:56,373 - __main__ - INFO - Quality setup: ETH LONG (okx) - 73% probability, Risk: 2.1%, R:R: 3.38
2025-06-22 15:54:56,988 - __main__ - INFO - Quality setup: SOL LONG (bybit) - 88% probability, Risk: 1.4%, R:R: 4.48
2025-06-22 15:54:57,637 - __main__ - INFO - Quality setup: SOL LONG (kucoin) - 88% probability, Risk: 1.4%, R:R: 4.43
2025-06-22 15:54:58,168 - __main__ - INFO - Quality setup: SOL LONG (okx) - 88% probability, Risk: 1.4%, R:R: 4.51
2025-06-22 15:54:58,785 - __main__ - INFO - Quality setup: XRP LONG (binance) - 83% probability, Risk: 0.3%, R:R: 15.37
2025-06-22 15:54:59,185 - __main__ - INFO - Quality setup: XRP LONG (bybit) - 73% probability, Risk: 0.3%, R:R: 16.03
2025-06-22 15:54:59,834 - __main__ - INFO - Quality setup: XRP LONG (kucoin) - 73% probability, Risk: 0.3%, R:R: 15.0
2025-06-22 15:55:00,362 - __main__ - INFO - Quality setup: XRP LONG (okx) - 73% probability, Risk: 0.3%, R:R: 13.89
2025-06-22 15:55:04,305 - __main__ - INFO - Quality setup: SUI LONG (binance) - 78% probability, Risk: 1.8%, R:R: 4.31
2025-06-22 15:55:05,137 - __main__ - INFO - Quality setup: SUI LONG (bybit) - 78% probability, Risk: 1.8%, R:R: 4.3
2025-06-22 15:55:05,788 - __main__ - INFO - Quality setup: SUI LONG (kucoin) - 73% probability, Risk: 1.8%, R:R: 4.3
2025-06-22 15:55:06,319 - __main__ - INFO - Quality setup: SUI LONG (okx) - 73% probability, Risk: 1.8%, R:R: 4.25
2025-06-22 15:55:07,221 - __main__ - INFO - Quality setup: ADA LONG (binance) - 83% probability, Risk: 1.3%, R:R: 4.97
2025-06-22 15:55:07,588 - __main__ - INFO - Quality setup: ADA LONG (bybit) - 83% probability, Risk: 1.3%, R:R: 5.06
2025-06-22 15:55:08,399 - __main__ - INFO - Quality setup: ADA LONG (kucoin) - 86% probability, Risk: 1.3%, R:R: 5.12
2025-06-22 15:55:08,923 - __main__ - INFO - Quality setup: ADA LONG (okx) - 83% probability, Risk: 1.3%, R:R: 5.06
2025-06-22 15:55:11,774 - __main__ - INFO - Quality setup: AVAX LONG (bybit) - 73% probability, Risk: 1.9%, R:R: 2.76
2025-06-22 15:55:12,438 - __main__ - INFO - Quality setup: AVAX LONG (kucoin) - 78% probability, Risk: 1.9%, R:R: 2.74
2025-06-22 15:55:12,995 - __main__ - INFO - Quality setup: AVAX LONG (okx) - 68% probability, Risk: 1.8%, R:R: 2.78
2025-06-22 15:55:16,160 - __main__ - INFO - Quality setup: FIL LONG (binance) - 73% probability, Risk: 1.9%, R:R: 2.84
2025-06-22 15:55:16,789 - __main__ - INFO - Quality setup: FIL LONG (bybit) - 73% probability, Risk: 1.8%, R:R: 2.99
2025-06-22 15:55:17,467 - __main__ - INFO - Quality setup: FIL LONG (kucoin) - 86% probability, Risk: 1.8%, R:R: 3.17
2025-06-22 15:55:18,013 - __main__ - INFO - Quality setup: FIL LONG (okx) - 73% probability, Risk: 1.9%, R:R: 2.85
2025-06-22 15:55:19,192 - __main__ - INFO - Quality setup: DOT LONG (kucoin) - 83% probability, Risk: 1.9%, R:R: 2.67
2025-06-22 15:55:19,939 - __main__ - INFO - Quality setup: APT LONG (binance) - 78% probability, Risk: 0.8%, R:R: 10.01
2025-06-22 15:55:20,337 - __main__ - INFO - Quality setup: APT LONG (bybit) - 73% probability, Risk: 0.8%, R:R: 10.09
2025-06-22 15:55:21,008 - __main__ - INFO - Quality setup: APT LONG (kucoin) - 73% probability, Risk: 0.7%, R:R: 10.6
2025-06-22 15:55:21,530 - __main__ - INFO - Quality setup: APT LONG (okx) - 78% probability, Risk: 0.8%, R:R: 10.34
2025-06-22 15:55:22,158 - __main__ - INFO - Quality setup: XLM LONG (binance) - 83% probability, Risk: 0.5%, R:R: 9.8
2025-06-22 15:55:22,946 - __main__ - INFO - Quality setup: XLM LONG (bybit) - 83% probability, Risk: 0.5%, R:R: 9.79
2025-06-22 15:55:23,635 - __main__ - INFO - Quality setup: XLM LONG (kucoin) - 83% probability, Risk: 0.5%, R:R: 9.84
2025-06-22 15:55:24,167 - __main__ - INFO - Quality setup: XLM LONG (okx) - 83% probability, Risk: 0.5%, R:R: 9.32
2025-06-22 15:55:27,648 - __main__ - INFO - Quality setup: TON LONG (binance) - 68% probability, Risk: 0.8%, R:R: 4.93
2025-06-22 15:55:30,019 - __main__ - INFO - Quality setup: NEAR LONG (binance) - 78% probability, Risk: 0.9%, R:R: 10.0
2025-06-22 15:55:30,485 - __main__ - INFO - Quality setup: NEAR LONG (bybit) - 78% probability, Risk: 0.9%, R:R: 9.44
2025-06-22 15:55:31,167 - __main__ - INFO - Quality setup: NEAR LONG (kucoin) - 78% probability, Risk: 0.9%, R:R: 9.8
2025-06-22 15:55:31,713 - __main__ - INFO - Quality setup: NEAR LONG (okx) - 78% probability, Risk: 0.9%, R:R: 9.44
2025-06-22 15:55:32,334 - __main__ - INFO - Quality setup: RUNE LONG (bybit) - 86% probability, Risk: 1.3%, R:R: 5.73
2025-06-22 15:55:33,014 - __main__ - INFO - Quality setup: RUNE LONG (kucoin) - 73% probability, Risk: 1.3%, R:R: 5.7
2025-06-22 15:55:33,682 - __main__ - INFO - Quality setup: FET LONG (binance) - 73% probability, Risk: 1.8%, R:R: 5.07
2025-06-22 15:55:34,072 - __main__ - INFO - Quality setup: FET LONG (bybit) - 78% probability, Risk: 1.6%, R:R: 5.93
2025-06-22 15:55:34,710 - __main__ - INFO - Quality setup: FET LONG (kucoin) - 78% probability, Risk: 1.6%, R:R: 6.0
2025-06-22 15:55:35,239 - __main__ - INFO - Quality setup: FET LONG (okx) - 73% probability, Risk: 1.6%, R:R: 5.8
2025-06-22 15:55:37,303 - __main__ - INFO - Quality setup: ETC LONG (bybit) - 81% probability, Risk: 1.6%, R:R: 3.33
2025-06-22 15:55:38,170 - __main__ - INFO - Quality setup: ETC LONG (kucoin) - 68% probability, Risk: 1.5%, R:R: 3.56
2025-06-22 15:55:38,726 - __main__ - INFO - Quality setup: ETC LONG (okx) - 78% probability, Risk: 1.4%, R:R: 3.51
2025-06-22 15:55:39,514 - __main__ - INFO - Quality setup: ATOM LONG (binance) - 81% probability, Risk: 1.6%, R:R: 2.94
2025-06-22 15:55:40,215 - __main__ - INFO - Quality setup: ATOM LONG (bybit) - 81% probability, Risk: 1.6%, R:R: 2.97
2025-06-22 15:55:41,029 - __main__ - INFO - Quality setup: ATOM LONG (kucoin) - 78% probability, Risk: 1.8%, R:R: 2.54
2025-06-22 15:55:41,838 - __main__ - INFO - Quality setup: ALGO LONG (binance) - 73% probability, Risk: 0.1%, R:R: 69.1
2025-06-22 15:55:42,220 - __main__ - INFO - Quality setup: ALGO LONG (bybit) - 83% probability, Risk: 0.0%, R:R: 126.33
2025-06-22 15:55:43,051 - __main__ - INFO - Quality setup: ALGO LONG (kucoin) - 76% probability, Risk: 0.1%, R:R: 107.3
2025-06-22 15:55:44,948 - __main__ - INFO - Quality setup: ICP LONG (kucoin) - 68% probability, Risk: 0.6%, R:R: 10.63
2025-06-22 15:55:46,114 - __main__ - INFO - Quality setup: ZEC LONG (binance) - 88% probability, Risk: 0.5%, R:R: 10.76
2025-06-22 15:55:46,793 - __main__ - INFO - Quality setup: ZEC LONG (kucoin) - 73% probability, Risk: 0.2%, R:R: 26.37
2025-06-22 15:55:47,646 - __main__ - INFO - Quality setup: KAS LONG (bybit) - 83% probability, Risk: 0.9%, R:R: 6.65
2025-06-22 15:55:48,325 - __main__ - INFO - Quality setup: KAS LONG (kucoin) - 68% probability, Risk: 1.0%, R:R: 6.36
2025-06-22 15:55:48,953 - __main__ - INFO - Quality setup: QTUM LONG (binance) - 78% probability, Risk: 0.6%, R:R: 11.23
2025-06-22 15:55:49,784 - __main__ - INFO - Quality setup: QTUM LONG (kucoin) - 83% probability, Risk: 0.7%, R:R: 8.96
2025-06-22 15:55:50,798 - __main__ - INFO - Quality setup: A LONG (bybit) - 70% probability, Risk: 3.1%, R:R: 1.57
2025-06-22 15:55:54,407 - __main__ - INFO - Quality setup: STX LONG (binance) - 78% probability, Risk: 0.4%, R:R: 22.6
2025-06-22 15:55:54,765 - __main__ - INFO - Quality setup: STX LONG (bybit) - 78% probability, Risk: 0.4%, R:R: 20.42
2025-06-22 15:55:55,490 - __main__ - INFO - Quality setup: STX LONG (kucoin) - 68% probability, Risk: 0.5%, R:R: 15.9
2025-06-22 15:55:56,043 - __main__ - INFO - Quality setup: STX LONG (okx) - 68% probability, Risk: 0.4%, R:R: 17.05
2025-06-22 15:55:56,669 - __main__ - INFO - Quality setup: AR LONG (binance) - 73% probability, Risk: 2.3%, R:R: 3.56
2025-06-22 15:55:57,085 - __main__ - INFO - Quality setup: AR LONG (bybit) - 81% probability, Risk: 2.4%, R:R: 3.41
2025-06-22 15:55:57,763 - __main__ - INFO - Quality setup: AR LONG (kucoin) - 73% probability, Risk: 2.5%, R:R: 3.22
2025-06-22 15:55:58,567 - __main__ - INFO - Quality setup: VET LONG (binance) - 68% probability, Risk: 1.1%, R:R: 6.13
2025-06-22 15:55:58,965 - __main__ - INFO - Quality setup: VET LONG (bybit) - 86% probability, Risk: 1.0%, R:R: 6.76
2025-06-22 15:55:59,606 - __main__ - INFO - Quality setup: VET LONG (kucoin) - 86% probability, Risk: 1.3%, R:R: 5.13
2025-06-22 15:56:01,485 - __main__ - INFO - Quality setup: FLOW LONG (bybit) - 83% probability, Risk: 0.2%, R:R: 40.6
2025-06-22 15:56:02,293 - __main__ - INFO - Quality setup: FLOW LONG (kucoin) - 81% probability, Risk: 0.0%, R:R: 3155.69
2025-06-22 15:56:02,840 - __main__ - INFO - Quality setup: FLOW LONG (okx) - 83% probability, Risk: 0.0%, R:R: 108.55
2025-06-22 15:56:03,610 - __main__ - INFO - Quality setup: DASH LONG (binance) - 86% probability, Risk: 0.3%, R:R: 17.43
2025-06-22 15:56:04,274 - __main__ - INFO - Quality setup: DASH LONG (kucoin) - 68% probability, Risk: 0.3%, R:R: 17.02
2025-06-22 15:56:04,898 - __main__ - INFO - Quality setup: THETA LONG (binance) - 78% probability, Risk: 1.0%, R:R: 8.6
2025-06-22 15:56:05,251 - __main__ - INFO - Quality setup: THETA LONG (bybit) - 73% probability, Risk: 1.0%, R:R: 8.51
2025-06-22 15:56:05,931 - __main__ - INFO - Quality setup: THETA LONG (kucoin) - 68% probability, Risk: 1.6%, R:R: 5.12
2025-06-22 15:56:06,481 - __main__ - INFO - Quality setup: THETA LONG (okx) - 81% probability, Risk: 1.3%, R:R: 6.65
2025-06-22 15:56:07,455 - __main__ - INFO - Quality setup: XDC LONG (bybit) - 83% probability, Risk: 0.2%, R:R: 14.3
2025-06-22 15:56:08,280 - __main__ - INFO - Quality setup: XDC LONG (kucoin) - 83% probability, Risk: 0.5%, R:R: 5.99
2025-06-22 15:56:09,679 - __main__ - INFO - Quality setup: CFX LONG (kucoin) - 76% probability, Risk: 2.4%, R:R: 2.38
2025-06-22 15:56:10,813 - __main__ - INFO - Quality setup: CELO LONG (binance) - 78% probability, Risk: 0.8%, R:R: 9.97
2025-06-22 15:56:11,756 - __main__ - INFO - Quality setup: CELO LONG (kucoin) - 78% probability, Risk: 0.7%, R:R: 11.66
2025-06-22 15:56:12,309 - __main__ - INFO - Quality setup: CELO LONG (okx) - 73% probability, Risk: 0.8%, R:R: 8.21
2025-06-22 15:56:12,981 - __main__ - INFO - Quality setup: CRO LONG (kucoin) - 83% probability, Risk: 0.7%, R:R: 10.5
2025-06-22 15:56:13,699 - __main__ - INFO - Quality setup: CRO LONG (okx) - 78% probability, Risk: 0.7%, R:R: 10.96
2025-06-22 15:56:15,386 - __main__ - INFO - Quality setup: XTZ LONG (binance) - 78% probability, Risk: 1.4%, R:R: 3.15
2025-06-22 15:56:16,288 - __main__ - INFO - Quality setup: XTZ LONG (okx) - 73% probability, Risk: 1.4%, R:R: 3.24
2025-06-22 15:56:16,876 - __main__ - INFO - Quality setup: LUNA LONG (binance) - 88% probability, Risk: 0.9%, R:R: 9.47
2025-06-22 15:56:17,382 - __main__ - INFO - Quality setup: LUNA LONG (bybit) - 90% probability, Risk: 1.0%, R:R: 8.73
2025-06-22 15:56:18,059 - __main__ - INFO - Quality setup: LUNA LONG (kucoin) - 88% probability, Risk: 0.7%, R:R: 12.17
2025-06-22 15:56:18,587 - __main__ - INFO - Quality setup: LUNA LONG (okx) - 90% probability, Risk: 1.1%, R:R: 7.21
2025-06-22 15:56:19,232 - __main__ - INFO - Quality setup: MINA LONG (binance) - 81% probability, Risk: 0.9%, R:R: 9.5
2025-06-22 15:56:19,636 - __main__ - INFO - Quality setup: MINA LONG (bybit) - 81% probability, Risk: 0.8%, R:R: 10.66
2025-06-22 15:56:20,494 - __main__ - INFO - Quality setup: MINA LONG (kucoin) - 73% probability, Risk: 0.7%, R:R: 12.25
2025-06-22 15:56:21,020 - __main__ - INFO - Quality setup: MINA LONG (okx) - 83% probability, Risk: 0.9%, R:R: 9.93
2025-06-22 15:56:21,977 - __main__ - INFO - Quality setup: WAVES LONG (bybit) - 88% probability, Risk: 1.1%, R:R: 4.76
2025-06-22 15:56:23,101 - __main__ - INFO - Quality setup: IOTA LONG (binance) - 88% probability, Risk: 1.4%, R:R: 5.11
2025-06-22 15:56:23,799 - __main__ - INFO - Quality setup: IOTA LONG (kucoin) - 83% probability, Risk: 1.3%, R:R: 5.38
2025-06-22 15:56:24,339 - __main__ - INFO - Quality setup: IOTA LONG (okx) - 86% probability, Risk: 1.3%, R:R: 5.27
2025-06-22 15:56:25,086 - __main__ - INFO - Quality setup: CORE LONG (bybit) - 78% probability, Risk: 0.4%, R:R: 18.97
2025-06-22 15:56:25,679 - __main__ - INFO - Quality setup: CORE LONG (okx) - 68% probability, Risk: 0.4%, R:R: 19.12
2025-06-22 15:56:26,838 - __main__ - INFO - Quality setup: EGLD LONG (bybit) - 78% probability, Risk: 1.0%, R:R: 6.98
2025-06-22 15:56:28,616 - __main__ - INFO - Quality setup: ZIL LONG (bybit) - 68% probability, Risk: 0.9%, R:R: 7.21
2025-06-22 15:56:29,325 - __main__ - INFO - Quality setup: ZIL LONG (kucoin) - 78% probability, Risk: 0.9%, R:R: 7.25
2025-06-22 15:56:30,133 - __main__ - INFO - Quality setup: ZEN LONG (binance) - 73% probability, Risk: 3.0%, R:R: 2.74
2025-06-22 15:56:30,896 - __main__ - INFO - Quality setup: TAIKO LONG (bybit) - 73% probability, Risk: 0.4%, R:R: 17.5
2025-06-22 15:56:31,557 - __main__ - INFO - Quality setup: TAIKO LONG (kucoin) - 78% probability, Risk: 0.6%, R:R: 13.77
2025-06-22 15:56:32,181 - __main__ - INFO - Quality setup: LUNC LONG (binance) - 78% probability, Risk: 0.4%, R:R: 13.06
2025-06-22 15:56:32,585 - __main__ - INFO - Quality setup: LUNC LONG (bybit) - 78% probability, Risk: 0.7%, R:R: 8.07
2025-06-22 15:56:33,327 - __main__ - INFO - Quality setup: LUNC LONG (okx) - 90% probability, Risk: 0.6%, R:R: 8.72
2025-06-22 15:56:34,122 - __main__ - INFO - Quality setup: KSM LONG (binance) - 78% probability, Risk: 1.2%, R:R: 6.93
2025-06-22 15:56:34,922 - __main__ - INFO - Quality setup: KSM LONG (kucoin) - 73% probability, Risk: 1.2%, R:R: 7.3
2025-06-22 15:56:36,118 - __main__ - INFO - Quality setup: PHA LONG (okx) - 68% probability, Risk: 0.9%, R:R: 8.6
2025-06-22 15:56:37,355 - __main__ - INFO - Quality setup: AIOZ LONG (bybit) - 78% probability, Risk: 1.2%, R:R: 8.13
2025-06-22 15:56:38,131 - __main__ - INFO - Quality setup: AIOZ LONG (kucoin) - 81% probability, Risk: 1.7%, R:R: 5.75
2025-06-22 15:56:38,943 - __main__ - INFO - Quality setup: COTI LONG (binance) - 68% probability, Risk: 0.8%, R:R: 11.8
2025-06-22 15:56:39,974 - __main__ - INFO - Quality setup: COTI LONG (kucoin) - 83% probability, Risk: 1.4%, R:R: 6.27
2025-06-22 15:56:40,617 - __main__ - INFO - Quality setup: CKB LONG (binance) - 73% probability, Risk: 0.5%, R:R: 20.32
2025-06-22 15:56:41,283 - __main__ - INFO - Quality setup: CKB LONG (kucoin) - 90% probability, Risk: 0.7%, R:R: 12.73
2025-06-22 15:56:41,900 - __main__ - INFO - Quality setup: ONE LONG (binance) - 68% probability, Risk: 0.7%, R:R: 14.65
2025-06-22 15:56:42,683 - __main__ - INFO - Quality setup: ONE LONG (kucoin) - 68% probability, Risk: 0.5%, R:R: 21.29
2025-06-22 15:59:03,892 - modules.output_generator - INFO - Excel output saved to outputs/excel_reports/bb_analysis_20250622_155903.xlsx
