2025-06-24 22:59:16,000 - __main__ - INFO - Output directories created: outputs, outputs/excel_reports, outputs/logs, outputs/alerts
2025-06-24 22:59:22,771 - sentiment - INFO - LunarCrush API call for BTC: 404
2025-06-24 22:59:22,772 - sentiment - INFO - Symbol query failed for BTC, trying ID lookup approach...
2025-06-24 22:59:25,330 - sentiment - INFO - Cached 6723 coins from LunarCrush list
2025-06-24 22:59:25,844 - sentiment - INFO - LunarCrush ID lookup successful for BTC (ID: 1)
2025-06-24 22:59:33,037 - sentiment - INFO - TokenMetrics API call for BTC: 200
2025-06-24 22:59:33,037 - sentiment - INFO - TokenMetrics response for BTC: success=True, length=10
2025-06-24 22:59:33,037 - sentiment - INFO - TokenMetrics extracted for BTC: TM_Grade=46.99, TA_Grade=47.01, Quant_Grade=46.91
2025-06-24 22:59:36,812 - modules.market_regime_analyzer - INFO - Traditional market SPY: 1.19% (RISING)
2025-06-24 22:59:37,144 - yfinance - ERROR - $VIX: possibly delisted; no price data found  (period=10d)
2025-06-24 22:59:37,467 - yfinance - ERROR - $DXY: possibly delisted; no price data found  (period=10d)
2025-06-24 22:59:37,859 - modules.market_regime_analyzer - INFO - Traditional market QQQ: 1.60% (RISING)
2025-06-24 22:59:44,195 - sentiment - INFO - LunarCrush API call for stocks: 404
2025-06-24 22:59:44,195 - sentiment - INFO - Symbol query failed for stocks, trying ID lookup approach...
2025-06-24 22:59:44,197 - sentiment - WARNING - Symbol stocks not found in LunarCrush coins list
2025-06-24 22:59:50,548 - sentiment - INFO - LunarCrush API call for spy: 404
2025-06-24 22:59:50,548 - sentiment - INFO - Symbol query failed for spy, trying ID lookup approach...
2025-06-24 22:59:50,552 - sentiment - WARNING - Symbol spy not found in LunarCrush coins list
2025-06-24 22:59:56,918 - sentiment - INFO - LunarCrush API call for inflation: 404
2025-06-24 22:59:56,920 - sentiment - INFO - Symbol query failed for inflation, trying ID lookup approach...
2025-06-24 22:59:56,924 - sentiment - WARNING - Symbol inflation not found in LunarCrush coins list
2025-06-24 23:00:03,320 - sentiment - INFO - LunarCrush API call for recession: 404
2025-06-24 23:00:03,322 - sentiment - INFO - Symbol query failed for recession, trying ID lookup approach...
2025-06-24 23:00:03,325 - sentiment - WARNING - Symbol recession not found in LunarCrush coins list
2025-06-24 23:00:03,328 - modules.market_regime_analyzer - INFO - Market regime analysis completed for ETH
2025-06-24 23:00:06,041 - modules.data_fetcher - INFO - Selected 70 coins for analysis
2025-06-24 23:00:14,910 - __main__ - INFO - Quality setup: APT SHORT (binance) - 83% probability, Risk: 4.1%, R:R: 4.01
2025-06-24 23:00:15,285 - __main__ - INFO - Quality setup: APT SHORT (bybit) - 83% probability, Risk: 4.1%, R:R: 4.01
2025-06-24 23:00:15,932 - __main__ - INFO - Quality setup: APT SHORT (kucoin) - 83% probability, Risk: 4.1%, R:R: 4.03
2025-06-24 23:00:16,496 - __main__ - INFO - Quality setup: APT SHORT (okx) - 83% probability, Risk: 4.0%, R:R: 4.56
2025-06-24 23:00:28,957 - __main__ - INFO - Quality setup: ALGO SHORT (kucoin) - 68% probability, Risk: 2.3%, R:R: 3.51
2025-06-24 23:00:29,582 - __main__ - INFO - Quality setup: ALGO SHORT (okx) - 81% probability, Risk: 2.3%, R:R: 3.43
2025-06-24 23:00:31,351 - __main__ - INFO - Quality setup: ZEC SHORT (kucoin) - 68% probability, Risk: 2.1%, R:R: 3.05
2025-06-24 23:00:34,128 - __main__ - INFO - Quality setup: STX SHORT (kucoin) - 78% probability, Risk: 3.7%, R:R: 2.86
2025-06-24 23:00:40,155 - __main__ - INFO - Quality setup: XDC SHORT (kucoin) - 65% probability, Risk: 3.8%, R:R: 1.04
2025-06-24 23:00:48,522 - __main__ - INFO - Quality setup: ZEN SHORT (bybit) - 65% probability, Risk: 6.5%, R:R: 0.68
2025-06-24 23:00:49,212 - __main__ - INFO - Quality setup: ZEN SHORT (kucoin) - 65% probability, Risk: 6.2%, R:R: 0.74
2025-06-24 23:01:06,479 - sentiment - INFO - LunarCrush API call for APT: 404
2025-06-24 23:01:06,480 - sentiment - INFO - Symbol query failed for APT, trying ID lookup approach...
2025-06-24 23:01:07,157 - sentiment - INFO - LunarCrush ID lookup successful for APT (ID: 70832)
2025-06-24 23:01:14,443 - sentiment - INFO - TokenMetrics API call for APT: 200
2025-06-24 23:01:14,443 - sentiment - INFO - TokenMetrics response for APT: success=True, length=10
2025-06-24 23:01:14,443 - sentiment - INFO - TokenMetrics extracted for APT: TM_Grade=16.19, TA_Grade=9.89, Quant_Grade=41.38
2025-06-24 23:01:20,777 - sentiment - INFO - LunarCrush API call for ALGO: 404
2025-06-24 23:01:20,778 - sentiment - INFO - Symbol query failed for ALGO, trying ID lookup approach...
2025-06-24 23:01:21,555 - sentiment - INFO - LunarCrush ID lookup successful for ALGO (ID: 2108)
2025-06-24 23:01:29,417 - sentiment - INFO - TokenMetrics API call for ALGO: 200
2025-06-24 23:01:29,418 - sentiment - INFO - TokenMetrics response for ALGO: success=True, length=10
2025-06-24 23:01:29,419 - sentiment - INFO - TokenMetrics extracted for ALGO: TM_Grade=14.83, TA_Grade=9.87, Quant_Grade=34.67
2025-06-24 23:01:35,781 - sentiment - INFO - LunarCrush API call for STX: 404
2025-06-24 23:01:35,782 - sentiment - INFO - Symbol query failed for STX, trying ID lookup approach...
2025-06-24 23:01:36,369 - sentiment - INFO - LunarCrush ID lookup successful for STX (ID: 830)
2025-06-24 23:01:43,371 - sentiment - INFO - TokenMetrics API call for STX: 200
2025-06-24 23:01:43,371 - sentiment - INFO - TokenMetrics response for STX: success=True, length=10
2025-06-24 23:01:43,371 - sentiment - INFO - TokenMetrics extracted for STX: TM_Grade=18.31, TA_Grade=9.82, Quant_Grade=52.27
2025-06-24 23:01:49,715 - sentiment - INFO - LunarCrush API call for ZEC: 404
2025-06-24 23:01:49,715 - sentiment - INFO - Symbol query failed for ZEC, trying ID lookup approach...
2025-06-24 23:01:50,350 - sentiment - INFO - LunarCrush ID lookup successful for ZEC (ID: 26)
2025-06-24 23:01:57,472 - sentiment - INFO - TokenMetrics API call for ZEC: 200
2025-06-24 23:01:57,474 - sentiment - INFO - TokenMetrics response for ZEC: success=True, length=10
2025-06-24 23:01:57,474 - sentiment - INFO - TokenMetrics extracted for ZEC: TM_Grade=14.73, TA_Grade=9.91, Quant_Grade=33.97
2025-06-24 23:02:03,814 - sentiment - INFO - LunarCrush API call for XDC: 404
2025-06-24 23:02:03,815 - sentiment - INFO - Symbol query failed for XDC, trying ID lookup approach...
2025-06-24 23:02:04,487 - sentiment - INFO - LunarCrush ID lookup successful for XDC (ID: 66919)
2025-06-24 23:02:11,454 - sentiment - INFO - TokenMetrics API call for XDC: 200
2025-06-24 23:02:11,455 - sentiment - INFO - TokenMetrics response for XDC: success=True, length=10
2025-06-24 23:02:11,455 - sentiment - INFO - TokenMetrics extracted for XDC: TM_Grade=18.77, TA_Grade=9.91, Quant_Grade=54.23
2025-06-24 23:02:17,846 - sentiment - INFO - LunarCrush API call for ZEN: 404
2025-06-24 23:02:17,846 - sentiment - INFO - Symbol query failed for ZEN, trying ID lookup approach...
2025-06-24 23:02:18,396 - sentiment - INFO - LunarCrush ID lookup successful for ZEN (ID: 103)
2025-06-24 23:02:25,508 - sentiment - INFO - TokenMetrics API call for ZEN: 200
2025-06-24 23:02:25,509 - sentiment - INFO - TokenMetrics response for ZEN: success=True, length=10
2025-06-24 23:02:25,510 - sentiment - INFO - TokenMetrics extracted for ZEN: TM_Grade=16.98, TA_Grade=9.85, Quant_Grade=45.5
2025-06-24 23:02:31,887 - sentiment - INFO - LunarCrush API call for PHA: 404
2025-06-24 23:02:31,888 - sentiment - INFO - Symbol query failed for PHA, trying ID lookup approach...
2025-06-24 23:02:32,414 - sentiment - INFO - LunarCrush ID lookup successful for PHA (ID: 2986)
2025-06-24 23:02:39,574 - sentiment - INFO - TokenMetrics API call for PHA: 200
2025-06-24 23:02:39,574 - sentiment - INFO - TokenMetrics response for PHA: success=True, length=10
2025-06-24 23:02:39,574 - sentiment - INFO - TokenMetrics extracted for PHA: TM_Grade=18.24, TA_Grade=9.83, Quant_Grade=51.88
2025-06-24 23:02:45,927 - sentiment - INFO - LunarCrush API call for ATOM: 404
2025-06-24 23:02:45,927 - sentiment - INFO - Symbol query failed for ATOM, trying ID lookup approach...
2025-06-24 23:02:46,413 - sentiment - INFO - LunarCrush ID lookup successful for ATOM (ID: 19)
2025-06-24 23:02:53,511 - sentiment - INFO - TokenMetrics API call for ATOM: 200
2025-06-24 23:02:53,513 - sentiment - INFO - TokenMetrics response for ATOM: success=True, length=10
2025-06-24 23:02:53,513 - sentiment - INFO - TokenMetrics extracted for ATOM: TM_Grade=16.99, TA_Grade=9.92, Quant_Grade=45.29
2025-06-24 23:02:53,787 - modules.output_generator - INFO - Market regime analysis sheet created successfully
2025-06-24 23:02:53,803 - modules.output_generator - INFO - Excel output saved to outputs/excel_reports/bb_analysis_20250624_230253.xlsx
