2025-06-22 15:21:42,697 - __main__ - INFO - Output directories created: outputs, outputs/excel_reports, outputs/logs, outputs/alerts
2025-06-22 15:21:46,262 - modules.data_fetcher - INFO - Selected 67 coins for analysis
2025-06-22 15:21:47,607 - __main__ - INFO - Quality setup: ETH LONG (bybit) - 78% probability, Risk: 2.1%, R:R: 3.34
2025-06-22 15:21:48,309 - __main__ - INFO - Quality setup: ETH LONG (kucoin) - 78% probability, Risk: 2.1%, R:R: 3.37
2025-06-22 15:21:49,135 - __main__ - INFO - Quality setup: SOL LONG (bybit) - 73% probability, Risk: 1.7%, R:R: 3.44
2025-06-22 15:21:49,824 - __main__ - INFO - Quality setup: SOL LONG (kucoin) - 73% probability, Risk: 1.7%, R:R: 3.39
2025-06-22 15:21:50,365 - __main__ - INFO - Quality setup: SOL LONG (okx) - 73% probability, Risk: 1.7%, R:R: 3.44
2025-06-22 15:21:50,993 - __main__ - INFO - Quality setup: XRP LONG (binance) - 73% probability, Risk: 0.7%, R:R: 6.62
2025-06-22 15:21:51,370 - __main__ - INFO - Quality setup: XRP LONG (bybit) - 73% probability, Risk: 0.7%, R:R: 6.5
2025-06-22 15:21:52,048 - __main__ - INFO - Quality setup: XRP LONG (kucoin) - 68% probability, Risk: 0.7%, R:R: 6.67
2025-06-22 15:21:52,608 - __main__ - INFO - Quality setup: XRP LONG (okx) - 68% probability, Risk: 0.7%, R:R: 6.23
2025-06-22 15:21:57,180 - __main__ - INFO - Quality setup: ADA LONG (binance) - 83% probability, Risk: 1.4%, R:R: 4.44
2025-06-22 15:21:57,563 - __main__ - INFO - Quality setup: ADA LONG (bybit) - 83% probability, Risk: 1.4%, R:R: 4.45
2025-06-22 15:21:58,282 - __main__ - INFO - Quality setup: ADA LONG (kucoin) - 86% probability, Risk: 1.4%, R:R: 4.42
2025-06-22 15:21:58,807 - __main__ - INFO - Quality setup: ADA LONG (okx) - 83% probability, Risk: 1.4%, R:R: 4.44
2025-06-22 15:22:02,220 - __main__ - INFO - Quality setup: AVAX LONG (kucoin) - 65% probability, Risk: 2.5%, R:R: 1.78
2025-06-22 15:22:07,060 - __main__ - INFO - Quality setup: FIL LONG (kucoin) - 76% probability, Risk: 2.3%, R:R: 2.18
2025-06-22 15:22:08,745 - __main__ - INFO - Quality setup: DOT LONG (kucoin) - 73% probability, Risk: 2.2%, R:R: 2.26
2025-06-22 15:22:09,864 - __main__ - INFO - Quality setup: APT LONG (binance) - 68% probability, Risk: 1.3%, R:R: 5.68
2025-06-22 15:22:10,843 - __main__ - INFO - Quality setup: APT LONG (kucoin) - 68% probability, Risk: 1.2%, R:R: 5.86
2025-06-22 15:22:11,355 - __main__ - INFO - Quality setup: APT LONG (okx) - 68% probability, Risk: 1.2%, R:R: 6.51
2025-06-22 15:22:11,943 - __main__ - INFO - Quality setup: XLM LONG (binance) - 68% probability, Risk: 0.9%, R:R: 4.68
2025-06-22 15:22:12,320 - __main__ - INFO - Quality setup: XLM LONG (bybit) - 78% probability, Risk: 0.9%, R:R: 4.95
2025-06-22 15:22:13,035 - __main__ - INFO - Quality setup: XLM LONG (kucoin) - 78% probability, Risk: 0.9%, R:R: 4.93
2025-06-22 15:22:13,585 - __main__ - INFO - Quality setup: XLM LONG (okx) - 68% probability, Risk: 1.1%, R:R: 3.55
2025-06-22 15:22:14,182 - __main__ - INFO - Quality setup: HBAR LONG (binance) - 68% probability, Risk: 0.3%, R:R: 20.81
2025-06-22 15:22:15,346 - __main__ - INFO - Quality setup: HBAR LONG (kucoin) - 81% probability, Risk: 0.4%, R:R: 17.22
2025-06-22 15:22:15,907 - __main__ - INFO - Quality setup: HBAR LONG (okx) - 68% probability, Risk: 0.4%, R:R: 18.49
2025-06-22 15:22:18,508 - __main__ - INFO - Quality setup: NEAR LONG (binance) - 68% probability, Risk: 1.7%, R:R: 4.69
2025-06-22 15:22:18,868 - __main__ - INFO - Quality setup: NEAR LONG (bybit) - 68% probability, Risk: 1.8%, R:R: 4.4
2025-06-22 15:22:19,676 - __main__ - INFO - Quality setup: NEAR LONG (kucoin) - 68% probability, Risk: 1.7%, R:R: 4.62
2025-06-22 15:22:20,279 - __main__ - INFO - Quality setup: NEAR LONG (okx) - 68% probability, Risk: 1.8%, R:R: 4.39
2025-06-22 15:22:21,576 - __main__ - INFO - Quality setup: RUNE LONG (bybit) - 76% probability, Risk: 2.1%, R:R: 3.01
2025-06-22 15:22:22,309 - __main__ - INFO - Quality setup: RUNE LONG (kucoin) - 73% probability, Risk: 2.0%, R:R: 3.25
2025-06-22 15:22:22,957 - __main__ - INFO - Quality setup: FET LONG (bybit) - 68% probability, Risk: 2.3%, R:R: 3.82
2025-06-22 15:22:23,618 - __main__ - INFO - Quality setup: FET LONG (kucoin) - 68% probability, Risk: 2.3%, R:R: 3.89
2025-06-22 15:22:26,211 - __main__ - INFO - Quality setup: ETC LONG (bybit) - 71% probability, Risk: 1.9%, R:R: 2.59
2025-06-22 15:22:26,964 - __main__ - INFO - Quality setup: ETC LONG (kucoin) - 68% probability, Risk: 1.7%, R:R: 3.05
2025-06-22 15:22:27,456 - __main__ - INFO - Quality setup: ETC LONG (okx) - 78% probability, Risk: 1.6%, R:R: 3.15
2025-06-22 15:22:28,080 - __main__ - INFO - Quality setup: ATOM LONG (binance) - 78% probability, Risk: 1.9%, R:R: 2.23
2025-06-22 15:22:28,470 - __main__ - INFO - Quality setup: ATOM LONG (bybit) - 81% probability, Risk: 1.9%, R:R: 2.28
2025-06-22 15:22:29,523 - __main__ - INFO - Quality setup: ALGO LONG (binance) - 68% probability, Risk: 0.6%, R:R: 8.3
2025-06-22 15:22:29,896 - __main__ - INFO - Quality setup: ALGO LONG (bybit) - 81% probability, Risk: 0.6%, R:R: 8.12
2025-06-22 15:22:30,621 - __main__ - INFO - Quality setup: ALGO LONG (kucoin) - 76% probability, Risk: 0.6%, R:R: 8.79
2025-06-22 15:22:32,598 - __main__ - INFO - Quality setup: ICP LONG (kucoin) - 68% probability, Risk: 0.9%, R:R: 6.32
2025-06-22 15:22:33,969 - __main__ - INFO - Quality setup: ZEC LONG (binance) - 78% probability, Risk: 0.8%, R:R: 6.31
2025-06-22 15:22:34,672 - __main__ - INFO - Quality setup: ZEC LONG (kucoin) - 73% probability, Risk: 0.7%, R:R: 7.79
2025-06-22 15:22:35,596 - __main__ - INFO - Quality setup: KAS LONG (bybit) - 68% probability, Risk: 2.3%, R:R: 2.0
2025-06-22 15:22:37,314 - __main__ - INFO - Quality setup: QTUM LONG (kucoin) - 83% probability, Risk: 1.3%, R:R: 4.0
2025-06-22 15:22:38,696 - __main__ - INFO - Quality setup: A LONG (binance) - 68% probability, Risk: 3.0%, R:R: 1.59
2025-06-22 15:22:40,713 - __main__ - INFO - Quality setup: A LONG (okx) - 73% probability, Risk: 3.0%, R:R: 1.59
2025-06-22 15:22:41,971 - __main__ - INFO - Quality setup: STX LONG (binance) - 68% probability, Risk: 0.9%, R:R: 8.28
2025-06-22 15:22:42,391 - __main__ - INFO - Quality setup: STX LONG (bybit) - 68% probability, Risk: 1.1%, R:R: 6.28
2025-06-22 15:22:43,230 - __main__ - INFO - Quality setup: STX LONG (kucoin) - 68% probability, Risk: 1.0%, R:R: 7.51
2025-06-22 15:22:43,810 - __main__ - INFO - Quality setup: STX LONG (okx) - 68% probability, Risk: 1.1%, R:R: 6.65
2025-06-22 15:22:44,893 - __main__ - INFO - Quality setup: AR LONG (bybit) - 78% probability, Risk: 3.2%, R:R: 2.23
2025-06-22 15:22:46,693 - __main__ - INFO - Quality setup: VET LONG (binance) - 68% probability, Risk: 1.7%, R:R: 3.77
2025-06-22 15:22:47,093 - __main__ - INFO - Quality setup: VET LONG (bybit) - 73% probability, Risk: 1.5%, R:R: 4.37
2025-06-22 15:22:47,828 - __main__ - INFO - Quality setup: VET LONG (kucoin) - 76% probability, Risk: 1.8%, R:R: 3.57
2025-06-22 15:22:48,575 - __main__ - INFO - Quality setup: FLOW LONG (binance) - 83% probability, Risk: 0.4%, R:R: 18.61
2025-06-22 15:22:48,947 - __main__ - INFO - Quality setup: FLOW LONG (bybit) - 83% probability, Risk: 0.5%, R:R: 14.91
2025-06-22 15:22:49,752 - __main__ - INFO - Quality setup: FLOW LONG (kucoin) - 81% probability, Risk: 0.4%, R:R: 18.79
2025-06-22 15:22:50,437 - __main__ - INFO - Quality setup: FLOW LONG (okx) - 83% probability, Risk: 0.4%, R:R: 21.41
2025-06-22 15:22:51,165 - __main__ - INFO - Quality setup: DASH LONG (binance) - 86% probability, Risk: 0.8%, R:R: 6.27
2025-06-22 15:22:52,505 - __main__ - INFO - Quality setup: THETA LONG (binance) - 68% probability, Risk: 1.8%, R:R: 3.82
2025-06-22 15:22:53,729 - __main__ - INFO - Quality setup: THETA LONG (okx) - 71% probability, Risk: 2.2%, R:R: 3.27
2025-06-22 15:22:54,627 - __main__ - INFO - Quality setup: XDC LONG (bybit) - 83% probability, Risk: 0.4%, R:R: 6.35
2025-06-22 15:22:55,316 - __main__ - INFO - Quality setup: XDC LONG (kucoin) - 83% probability, Risk: 0.8%, R:R: 2.95
2025-06-22 15:22:56,601 - __main__ - INFO - Quality setup: CFX LONG (kucoin) - 73% probability, Risk: 3.0%, R:R: 1.68
2025-06-22 15:22:57,406 - __main__ - INFO - Quality setup: CELO LONG (binance) - 68% probability, Risk: 1.4%, R:R: 5.25
2025-06-22 15:22:58,214 - __main__ - INFO - Quality setup: CELO LONG (kucoin) - 68% probability, Risk: 1.6%, R:R: 4.45
2025-06-22 15:23:00,039 - __main__ - INFO - Quality setup: CRO LONG (kucoin) - 83% probability, Risk: 0.7%, R:R: 10.35
2025-06-22 15:23:00,596 - __main__ - INFO - Quality setup: CRO LONG (okx) - 68% probability, Risk: 0.7%, R:R: 9.61
2025-06-22 15:23:01,212 - __main__ - INFO - Quality setup: LUNA LONG (binance) - 78% probability, Risk: 1.6%, R:R: 4.94
2025-06-22 15:23:01,981 - __main__ - INFO - Quality setup: LUNA LONG (bybit) - 90% probability, Risk: 1.9%, R:R: 4.26
2025-06-22 15:23:02,657 - __main__ - INFO - Quality setup: LUNA LONG (kucoin) - 78% probability, Risk: 1.6%, R:R: 5.02
2025-06-22 15:23:03,238 - __main__ - INFO - Quality setup: LUNA LONG (okx) - 90% probability, Risk: 1.9%, R:R: 4.19
2025-06-22 15:23:05,377 - __main__ - INFO - Quality setup: MINA LONG (binance) - 78% probability, Risk: 1.4%, R:R: 5.68
2025-06-22 15:23:06,028 - __main__ - INFO - Quality setup: MINA LONG (bybit) - 81% probability, Risk: 1.3%, R:R: 6.15
2025-06-22 15:23:06,722 - __main__ - INFO - Quality setup: MINA LONG (kucoin) - 78% probability, Risk: 1.5%, R:R: 5.26
2025-06-22 15:23:07,299 - __main__ - INFO - Quality setup: MINA LONG (okx) - 83% probability, Risk: 1.4%, R:R: 5.63
2025-06-22 15:23:08,595 - __main__ - INFO - Quality setup: WAVES LONG (bybit) - 78% probability, Risk: 1.4%, R:R: 3.45
2025-06-22 15:23:09,648 - __main__ - INFO - Quality setup: IOTA LONG (binance) - 78% probability, Risk: 1.9%, R:R: 3.36
2025-06-22 15:23:10,807 - __main__ - INFO - Quality setup: IOTA LONG (okx) - 83% probability, Risk: 1.7%, R:R: 3.73
2025-06-22 15:23:11,206 - __main__ - INFO - Quality setup: CORE LONG (bybit) - 78% probability, Risk: 1.1%, R:R: 6.9
2025-06-22 15:23:12,383 - __main__ - INFO - Quality setup: ZIL LONG (binance) - 73% probability, Risk: 1.3%, R:R: 4.57
2025-06-22 15:23:12,769 - __main__ - INFO - Quality setup: ZIL LONG (bybit) - 78% probability, Risk: 1.4%, R:R: 4.03
2025-06-22 15:23:13,444 - __main__ - INFO - Quality setup: ZIL LONG (kucoin) - 78% probability, Risk: 1.5%, R:R: 3.8
2025-06-22 15:23:14,711 - __main__ - INFO - Quality setup: EGLD LONG (bybit) - 68% probability, Risk: 1.5%, R:R: 4.48
2025-06-22 15:23:16,149 - __main__ - INFO - Quality setup: ZEN LONG (binance) - 73% probability, Risk: 3.6%, R:R: 2.01
2025-06-22 15:23:17,140 - __main__ - INFO - Quality setup: LUNC LONG (binance) - 73% probability, Risk: 1.1%, R:R: 4.39
2025-06-22 15:23:18,031 - __main__ - INFO - Quality setup: LUNC LONG (okx) - 90% probability, Risk: 1.3%, R:R: 3.58
2025-06-22 15:23:18,841 - __main__ - INFO - Quality setup: TAIKO LONG (kucoin) - 68% probability, Risk: 0.8%, R:R: 8.87
2025-06-22 15:23:20,668 - __main__ - INFO - Quality setup: KSM LONG (binance) - 78% probability, Risk: 1.2%, R:R: 6.54
2025-06-22 15:23:21,606 - __main__ - INFO - Quality setup: KSM LONG (kucoin) - 73% probability, Risk: 1.5%, R:R: 5.27
2025-06-22 15:23:22,865 - __main__ - INFO - Quality setup: PHA LONG (okx) - 68% probability, Risk: 1.8%, R:R: 3.92
2025-06-22 15:23:23,249 - __main__ - INFO - Quality setup: AIOZ LONG (bybit) - 68% probability, Risk: 1.9%, R:R: 4.6
2025-06-22 15:23:23,995 - __main__ - INFO - Quality setup: AIOZ LONG (kucoin) - 81% probability, Risk: 2.3%, R:R: 4.02
2025-06-22 15:23:24,634 - __main__ - INFO - Quality setup: COTI LONG (binance) - 73% probability, Risk: 1.4%, R:R: 6.48
2025-06-22 15:23:25,314 - __main__ - INFO - Quality setup: COTI LONG (kucoin) - 83% probability, Risk: 1.9%, R:R: 4.02
2025-06-22 15:23:26,011 - __main__ - INFO - Quality setup: CKB LONG (binance) - 78% probability, Risk: 1.6%, R:R: 4.99
2025-06-22 15:23:26,831 - __main__ - INFO - Quality setup: CKB LONG (kucoin) - 90% probability, Risk: 1.8%, R:R: 4.61
2025-06-22 15:23:27,452 - __main__ - INFO - Quality setup: ONE LONG (binance) - 68% probability, Risk: 0.9%, R:R: 10.75
2025-06-22 15:23:28,347 - __main__ - INFO - Quality setup: ONE LONG (kucoin) - 73% probability, Risk: 1.1%, R:R: 8.99
2025-06-22 15:26:25,936 - modules.output_generator - INFO - Excel output saved to outputs/excel_reports/bb_analysis_20250622_152625.xlsx
