2025-06-22 15:40:26,922 - __main__ - INFO - Output directories created: outputs, outputs/excel_reports, outputs/logs, outputs/alerts
2025-06-22 15:40:30,199 - modules.data_fetcher - INFO - Selected 67 coins for analysis
2025-06-22 15:40:31,662 - __main__ - INFO - Quality setup: ETH LONG (binance) - 73% probability, Risk: 2.1%, R:R: 3.27
2025-06-22 15:40:32,055 - __main__ - INFO - Quality setup: ETH LONG (bybit) - 78% probability, Risk: 2.1%, R:R: 3.28
2025-06-22 15:40:32,716 - __main__ - INFO - Quality setup: ETH LONG (kucoin) - 78% probability, Risk: 2.1%, R:R: 3.27
2025-06-22 15:40:33,257 - __main__ - INFO - Quality setup: ETH LONG (okx) - 73% probability, Risk: 2.2%, R:R: 3.29
2025-06-22 15:40:33,804 - __main__ - INFO - Quality setup: SOL LONG (bybit) - 88% probability, Risk: 1.3%, R:R: 4.86
2025-06-22 15:40:34,494 - __main__ - INFO - Quality setup: SOL LONG (kucoin) - 83% probability, Risk: 1.3%, R:R: 4.78
2025-06-22 15:40:35,068 - __main__ - INFO - Quality setup: SOL LONG (okx) - 88% probability, Risk: 1.3%, R:R: 4.87
2025-06-22 15:40:35,688 - __main__ - INFO - Quality setup: XRP LONG (binance) - 73% probability, Risk: 0.3%, R:R: 18.5
2025-06-22 15:40:36,072 - __main__ - INFO - Quality setup: XRP LONG (bybit) - 73% probability, Risk: 0.3%, R:R: 18.59
2025-06-22 15:40:36,733 - __main__ - INFO - Quality setup: XRP LONG (kucoin) - 68% probability, Risk: 0.3%, R:R: 17.98
2025-06-22 15:40:37,239 - __main__ - INFO - Quality setup: XRP LONG (okx) - 73% probability, Risk: 0.3%, R:R: 18.85
2025-06-22 15:40:41,789 - __main__ - INFO - Quality setup: SUI LONG (binance) - 78% probability, Risk: 1.8%, R:R: 4.1
2025-06-22 15:40:42,185 - __main__ - INFO - Quality setup: SUI LONG (bybit) - 78% probability, Risk: 1.8%, R:R: 4.13
2025-06-22 15:40:44,098 - __main__ - INFO - Quality setup: ADA LONG (binance) - 83% probability, Risk: 1.2%, R:R: 5.24
2025-06-22 15:40:44,550 - __main__ - INFO - Quality setup: ADA LONG (bybit) - 83% probability, Risk: 1.3%, R:R: 5.06
2025-06-22 15:40:45,203 - __main__ - INFO - Quality setup: ADA LONG (kucoin) - 86% probability, Risk: 1.2%, R:R: 5.21
2025-06-22 15:40:45,722 - __main__ - INFO - Quality setup: ADA LONG (okx) - 83% probability, Risk: 1.3%, R:R: 5.33
2025-06-22 15:40:48,716 - __main__ - INFO - Quality setup: AVAX LONG (bybit) - 73% probability, Risk: 1.9%, R:R: 2.76
2025-06-22 15:40:49,369 - __main__ - INFO - Quality setup: AVAX LONG (kucoin) - 78% probability, Risk: 2.0%, R:R: 2.6
2025-06-22 15:40:52,909 - __main__ - INFO - Quality setup: FIL LONG (binance) - 73% probability, Risk: 1.9%, R:R: 2.84
2025-06-22 15:40:53,559 - __main__ - INFO - Quality setup: FIL LONG (bybit) - 73% probability, Risk: 1.9%, R:R: 2.83
2025-06-22 15:40:54,256 - __main__ - INFO - Quality setup: FIL LONG (kucoin) - 86% probability, Risk: 2.0%, R:R: 2.73
2025-06-22 15:40:54,764 - __main__ - INFO - Quality setup: FIL LONG (okx) - 73% probability, Risk: 1.9%, R:R: 2.77
2025-06-22 15:40:55,783 - __main__ - INFO - Quality setup: DOT LONG (kucoin) - 83% probability, Risk: 1.9%, R:R: 2.84
2025-06-22 15:40:56,590 - __main__ - INFO - Quality setup: APT LONG (binance) - 78% probability, Risk: 0.8%, R:R: 9.5
2025-06-22 15:40:57,456 - __main__ - INFO - Quality setup: APT LONG (kucoin) - 73% probability, Risk: 0.8%, R:R: 10.4
2025-06-22 15:40:57,969 - __main__ - INFO - Quality setup: APT LONG (okx) - 78% probability, Risk: 0.8%, R:R: 9.07
2025-06-22 15:40:58,604 - __main__ - INFO - Quality setup: XLM LONG (binance) - 83% probability, Risk: 0.3%, R:R: 13.83
2025-06-22 15:40:59,161 - __main__ - INFO - Quality setup: XLM LONG (bybit) - 83% probability, Risk: 0.3%, R:R: 13.81
2025-06-22 15:40:59,765 - __main__ - INFO - Quality setup: XLM LONG (kucoin) - 78% probability, Risk: 0.3%, R:R: 15.86
2025-06-22 15:41:00,408 - __main__ - INFO - Quality setup: XLM LONG (okx) - 83% probability, Risk: 0.3%, R:R: 15.42
2025-06-22 15:41:03,534 - __main__ - INFO - Quality setup: TON LONG (binance) - 68% probability, Risk: 0.8%, R:R: 4.53
2025-06-22 15:41:05,823 - __main__ - INFO - Quality setup: NEAR LONG (binance) - 78% probability, Risk: 0.9%, R:R: 9.39
2025-06-22 15:41:06,192 - __main__ - INFO - Quality setup: NEAR LONG (bybit) - 78% probability, Risk: 1.0%, R:R: 8.9
2025-06-22 15:41:06,857 - __main__ - INFO - Quality setup: NEAR LONG (kucoin) - 78% probability, Risk: 0.9%, R:R: 9.5
2025-06-22 15:41:07,396 - __main__ - INFO - Quality setup: NEAR LONG (okx) - 78% probability, Risk: 1.0%, R:R: 8.89
2025-06-22 15:41:07,999 - __main__ - INFO - Quality setup: RUNE LONG (bybit) - 86% probability, Risk: 1.5%, R:R: 4.67
2025-06-22 15:41:08,645 - __main__ - INFO - Quality setup: RUNE LONG (kucoin) - 73% probability, Risk: 1.4%, R:R: 4.99
2025-06-22 15:41:09,316 - __main__ - INFO - Quality setup: FET LONG (binance) - 73% probability, Risk: 1.7%, R:R: 5.67
2025-06-22 15:41:10,108 - __main__ - INFO - Quality setup: FET LONG (bybit) - 78% probability, Risk: 1.5%, R:R: 6.15
2025-06-22 15:41:10,807 - __main__ - INFO - Quality setup: FET LONG (kucoin) - 78% probability, Risk: 1.5%, R:R: 6.39
2025-06-22 15:41:11,339 - __main__ - INFO - Quality setup: FET LONG (okx) - 73% probability, Risk: 1.5%, R:R: 5.87
2025-06-22 15:41:13,103 - __main__ - INFO - Quality setup: ETC LONG (binance) - 73% probability, Risk: 1.2%, R:R: 4.49
2025-06-22 15:41:13,464 - __main__ - INFO - Quality setup: ETC LONG (bybit) - 81% probability, Risk: 1.3%, R:R: 4.19
2025-06-22 15:41:14,119 - __main__ - INFO - Quality setup: ETC LONG (kucoin) - 68% probability, Risk: 1.3%, R:R: 4.38
2025-06-22 15:41:14,638 - __main__ - INFO - Quality setup: ETC LONG (okx) - 78% probability, Risk: 1.4%, R:R: 3.71
2025-06-22 15:41:15,209 - __main__ - INFO - Quality setup: ATOM LONG (binance) - 90% probability, Risk: 1.5%, R:R: 3.17
2025-06-22 15:41:15,654 - __main__ - INFO - Quality setup: ATOM LONG (bybit) - 90% probability, Risk: 1.5%, R:R: 3.19
2025-06-22 15:41:16,342 - __main__ - INFO - Quality setup: ATOM LONG (kucoin) - 78% probability, Risk: 1.9%, R:R: 2.39
2025-06-22 15:41:17,172 - __main__ - INFO - Quality setup: ALGO LONG (binance) - 68% probability, Risk: 0.1%, R:R: 69.1
2025-06-22 15:41:17,562 - __main__ - INFO - Quality setup: ALGO LONG (bybit) - 83% probability, Risk: 0.0%, R:R: 126.33
2025-06-22 15:41:18,213 - __main__ - INFO - Quality setup: ALGO LONG (kucoin) - 76% probability, Risk: 0.1%, R:R: 107.3
2025-06-22 15:41:20,067 - __main__ - INFO - Quality setup: ICP LONG (kucoin) - 68% probability, Risk: 0.5%, R:R: 12.91
2025-06-22 15:41:21,208 - __main__ - INFO - Quality setup: ZEC LONG (binance) - 78% probability, Risk: 0.2%, R:R: 32.51
2025-06-22 15:41:22,418 - __main__ - INFO - Quality setup: ZEC LONG (kucoin) - 73% probability, Risk: 0.2%, R:R: 34.77
2025-06-22 15:41:23,253 - __main__ - INFO - Quality setup: KAS LONG (bybit) - 73% probability, Risk: 1.3%, R:R: 4.48
2025-06-22 15:41:24,530 - __main__ - INFO - Quality setup: QTUM LONG (binance) - 73% probability, Risk: 1.2%, R:R: 4.85
2025-06-22 15:41:25,408 - __main__ - INFO - Quality setup: QTUM LONG (kucoin) - 83% probability, Risk: 1.3%, R:R: 4.0
2025-06-22 15:41:29,200 - __main__ - INFO - Quality setup: STX LONG (binance) - 78% probability, Risk: 0.4%, R:R: 22.13
2025-06-22 15:41:29,578 - __main__ - INFO - Quality setup: STX LONG (bybit) - 78% probability, Risk: 0.5%, R:R: 17.13
2025-06-22 15:41:30,268 - __main__ - INFO - Quality setup: STX LONG (kucoin) - 68% probability, Risk: 0.2%, R:R: 32.27
2025-06-22 15:41:30,786 - __main__ - INFO - Quality setup: STX LONG (okx) - 68% probability, Risk: 0.5%, R:R: 16.87
2025-06-22 15:41:31,824 - __main__ - INFO - Quality setup: AR LONG (bybit) - 81% probability, Risk: 2.2%, R:R: 3.75
2025-06-22 15:41:32,861 - __main__ - INFO - Quality setup: VET LONG (binance) - 68% probability, Risk: 1.2%, R:R: 5.82
2025-06-22 15:41:33,374 - __main__ - INFO - Quality setup: VET LONG (bybit) - 86% probability, Risk: 1.0%, R:R: 7.17
2025-06-22 15:41:34,020 - __main__ - INFO - Quality setup: VET LONG (kucoin) - 86% probability, Risk: 1.3%, R:R: 5.13
2025-06-22 15:41:36,024 - __main__ - INFO - Quality setup: FLOW LONG (binance) - 83% probability, Risk: 0.2%, R:R: 45.67
2025-06-22 15:41:36,574 - __main__ - INFO - Quality setup: FLOW LONG (bybit) - 83% probability, Risk: 0.0%, R:R: 271.36
2025-06-22 15:41:37,256 - __main__ - INFO - Quality setup: FLOW LONG (kucoin) - 81% probability, Risk: 0.2%, R:R: 47.27
2025-06-22 15:41:37,816 - __main__ - INFO - Quality setup: FLOW LONG (okx) - 83% probability, Risk: 0.0%, R:R: 108.55
2025-06-22 15:41:38,460 - __main__ - INFO - Quality setup: DASH LONG (binance) - 86% probability, Risk: 0.4%, R:R: 12.59
2025-06-22 15:41:40,098 - __main__ - INFO - Quality setup: THETA LONG (binance) - 78% probability, Risk: 1.0%, R:R: 8.6
2025-06-22 15:41:41,426 - __main__ - INFO - Quality setup: THETA LONG (kucoin) - 68% probability, Risk: 1.6%, R:R: 5.18
2025-06-22 15:41:41,986 - __main__ - INFO - Quality setup: THETA LONG (okx) - 81% probability, Risk: 1.2%, R:R: 6.1
2025-06-22 15:41:43,221 - __main__ - INFO - Quality setup: XDC LONG (bybit) - 83% probability, Risk: 0.3%, R:R: 8.37
2025-06-22 15:41:43,943 - __main__ - INFO - Quality setup: XDC LONG (kucoin) - 83% probability, Risk: 0.6%, R:R: 4.73
2025-06-22 15:41:45,269 - __main__ - INFO - Quality setup: CFX LONG (kucoin) - 76% probability, Risk: 2.7%, R:R: 2.07
2025-06-22 15:41:46,399 - __main__ - INFO - Quality setup: CELO LONG (binance) - 68% probability, Risk: 1.1%, R:R: 6.96
2025-06-22 15:41:47,197 - __main__ - INFO - Quality setup: CELO LONG (kucoin) - 68% probability, Risk: 1.0%, R:R: 8.13
2025-06-22 15:41:48,407 - __main__ - INFO - Quality setup: CRO LONG (kucoin) - 83% probability, Risk: 0.6%, R:R: 12.76
2025-06-22 15:41:48,935 - __main__ - INFO - Quality setup: CRO LONG (okx) - 78% probability, Risk: 0.5%, R:R: 13.9
2025-06-22 15:41:50,448 - __main__ - INFO - Quality setup: LUNA LONG (binance) - 88% probability, Risk: 1.0%, R:R: 8.73
2025-06-22 15:41:51,056 - __main__ - INFO - Quality setup: LUNA LONG (bybit) - 90% probability, Risk: 1.2%, R:R: 7.02
2025-06-22 15:41:51,922 - __main__ - INFO - Quality setup: LUNA LONG (kucoin) - 88% probability, Risk: 0.7%, R:R: 12.17
2025-06-22 15:41:52,643 - __main__ - INFO - Quality setup: LUNA LONG (okx) - 90% probability, Risk: 1.2%, R:R: 7.21
2025-06-22 15:41:53,265 - __main__ - INFO - Quality setup: XTZ LONG (binance) - 68% probability, Risk: 1.7%, R:R: 2.43
2025-06-22 15:41:54,838 - __main__ - INFO - Quality setup: MINA LONG (binance) - 81% probability, Risk: 0.9%, R:R: 8.94
2025-06-22 15:41:55,220 - __main__ - INFO - Quality setup: MINA LONG (bybit) - 81% probability, Risk: 0.8%, R:R: 9.98
2025-06-22 15:41:55,897 - __main__ - INFO - Quality setup: MINA LONG (kucoin) - 73% probability, Risk: 0.9%, R:R: 9.53
2025-06-22 15:41:56,402 - __main__ - INFO - Quality setup: MINA LONG (okx) - 83% probability, Risk: 0.9%, R:R: 8.79
2025-06-22 15:41:57,400 - __main__ - INFO - Quality setup: WAVES LONG (bybit) - 88% probability, Risk: 1.2%, R:R: 4.25
2025-06-22 15:41:58,252 - __main__ - INFO - Quality setup: IOTA LONG (binance) - 88% probability, Risk: 1.4%, R:R: 4.88
2025-06-22 15:41:59,000 - __main__ - INFO - Quality setup: IOTA LONG (okx) - 83% probability, Risk: 1.3%, R:R: 5.27
2025-06-22 15:41:59,400 - __main__ - INFO - Quality setup: CORE LONG (bybit) - 78% probability, Risk: 0.8%, R:R: 9.32
2025-06-22 15:42:00,106 - __main__ - INFO - Quality setup: CORE LONG (okx) - 68% probability, Risk: 0.6%, R:R: 12.37
2025-06-22 15:42:01,127 - __main__ - INFO - Quality setup: EGLD LONG (bybit) - 78% probability, Risk: 1.2%, R:R: 5.93
2025-06-22 15:42:02,473 - __main__ - INFO - Quality setup: ZIL LONG (binance) - 73% probability, Risk: 1.1%, R:R: 5.83
2025-06-22 15:42:02,883 - __main__ - INFO - Quality setup: ZIL LONG (bybit) - 78% probability, Risk: 1.0%, R:R: 5.97
2025-06-22 15:42:03,548 - __main__ - INFO - Quality setup: ZIL LONG (kucoin) - 78% probability, Risk: 1.1%, R:R: 5.53
2025-06-22 15:42:05,281 - __main__ - INFO - Quality setup: TAIKO LONG (kucoin) - 78% probability, Risk: 0.6%, R:R: 13.77
2025-06-22 15:42:05,930 - __main__ - INFO - Quality setup: LUNC LONG (binance) - 73% probability, Risk: 0.6%, R:R: 8.19
2025-06-22 15:42:06,499 - __main__ - INFO - Quality setup: LUNC LONG (bybit) - 73% probability, Risk: 1.0%, R:R: 6.89
2025-06-22 15:42:07,217 - __main__ - INFO - Quality setup: LUNC LONG (okx) - 90% probability, Risk: 0.7%, R:R: 7.72
2025-06-22 15:42:07,817 - __main__ - INFO - Quality setup: KSM LONG (binance) - 78% probability, Risk: 1.2%, R:R: 6.93
2025-06-22 15:42:08,603 - __main__ - INFO - Quality setup: KSM LONG (kucoin) - 73% probability, Risk: 1.2%, R:R: 7.3
2025-06-22 15:42:10,057 - __main__ - INFO - Quality setup: PHA LONG (okx) - 68% probability, Risk: 0.9%, R:R: 8.49
2025-06-22 15:42:11,486 - __main__ - INFO - Quality setup: AIOZ LONG (bybit) - 78% probability, Risk: 0.9%, R:R: 11.04
2025-06-22 15:42:12,132 - __main__ - INFO - Quality setup: AIOZ LONG (kucoin) - 81% probability, Risk: 1.5%, R:R: 6.72
2025-06-22 15:42:13,393 - __main__ - INFO - Quality setup: COTI LONG (kucoin) - 83% probability, Risk: 1.4%, R:R: 6.27
2025-06-22 15:42:14,009 - __main__ - INFO - Quality setup: CKB LONG (binance) - 73% probability, Risk: 0.8%, R:R: 12.25
2025-06-22 15:42:14,647 - __main__ - INFO - Quality setup: CKB LONG (kucoin) - 90% probability, Risk: 0.9%, R:R: 9.89
2025-06-22 15:42:15,275 - __main__ - INFO - Quality setup: ONE LONG (binance) - 68% probability, Risk: 0.6%, R:R: 17.77
2025-06-22 15:45:14,769 - modules.output_generator - INFO - Excel output saved to outputs/excel_reports/bb_analysis_20250622_154514.xlsx
