2025-06-24 19:00:50,251 - __main__ - INFO - Output directories created: outputs, outputs/excel_reports, outputs/logs, outputs/alerts
2025-06-24 19:00:57,333 - sentiment - INFO - LunarCrush API call for BTC: 404
2025-06-24 19:00:57,334 - sentiment - INFO - Symbol query failed for BTC, trying ID lookup approach...
2025-06-24 19:00:59,234 - sentiment - INFO - Cached 6720 coins from LunarCrush list
2025-06-24 19:00:59,629 - sentiment - INFO - LunarCrush ID lookup successful for BTC (ID: 1)
2025-06-24 19:01:48,505 - sentiment - INFO - TokenMetrics API call for BTC: 200
2025-06-24 19:01:48,505 - sentiment - INFO - TokenMetrics response for BTC: success=True, length=10
2025-06-24 19:01:48,505 - sentiment - INFO - TokenMetrics extracted for BTC: TM_Grade=46.99, TA_Grade=47.01, Quant_Grade=46.91
2025-06-24 19:01:50,710 - modules.market_regime_analyzer - INFO - Market regime analysis completed for ETH
2025-06-24 19:01:55,595 - modules.data_fetcher - INFO - Selected 73 coins for analysis
2025-06-24 19:02:07,370 - __main__ - INFO - Quality setup: APT SHORT (binance) - 83% probability, Risk: 3.8%, R:R: 3.38
2025-06-24 19:02:07,748 - __main__ - INFO - Quality setup: APT SHORT (bybit) - 83% probability, Risk: 3.7%, R:R: 3.4
2025-06-24 19:02:08,451 - __main__ - INFO - Quality setup: APT SHORT (kucoin) - 83% probability, Risk: 3.7%, R:R: 3.44
2025-06-24 19:02:08,975 - __main__ - INFO - Quality setup: APT SHORT (okx) - 83% probability, Risk: 3.8%, R:R: 3.46
2025-06-24 19:02:15,965 - __main__ - INFO - Quality setup: RUNE SHORT (kucoin) - 68% probability, Risk: 2.4%, R:R: 2.58
2025-06-24 19:02:16,588 - __main__ - INFO - Quality setup: ATOM SHORT (binance) - 68% probability, Risk: 1.4%, R:R: 4.06
2025-06-24 19:02:38,448 - __main__ - INFO - Quality setup: XTZ SHORT (okx) - 83% probability, Risk: 2.2%, R:R: 2.3
2025-06-24 19:03:00,909 - sentiment - INFO - LunarCrush API call for APT: 404
2025-06-24 19:03:00,909 - sentiment - INFO - Symbol query failed for APT, trying ID lookup approach...
2025-06-24 19:03:01,528 - sentiment - INFO - LunarCrush ID lookup successful for APT (ID: 70832)
2025-06-24 19:03:09,720 - sentiment - INFO - TokenMetrics API call for APT: 200
2025-06-24 19:03:09,720 - sentiment - INFO - TokenMetrics response for APT: success=True, length=10
2025-06-24 19:03:09,721 - sentiment - INFO - TokenMetrics extracted for APT: TM_Grade=16.19, TA_Grade=9.89, Quant_Grade=41.38
2025-06-24 19:03:16,167 - sentiment - INFO - LunarCrush API call for XTZ: 404
2025-06-24 19:03:16,167 - sentiment - INFO - Symbol query failed for XTZ, trying ID lookup approach...
2025-06-24 19:03:16,783 - sentiment - INFO - LunarCrush ID lookup successful for XTZ (ID: 20)
2025-06-24 19:03:23,855 - sentiment - INFO - TokenMetrics API call for XTZ: 200
2025-06-24 19:03:23,856 - sentiment - INFO - TokenMetrics response for XTZ: success=True, length=10
2025-06-24 19:03:23,856 - sentiment - INFO - TokenMetrics extracted for XTZ: TM_Grade=15.56, TA_Grade=9.93, Quant_Grade=38.06
2025-06-24 19:03:30,222 - sentiment - INFO - LunarCrush API call for ATOM: 404
2025-06-24 19:03:30,222 - sentiment - INFO - Symbol query failed for ATOM, trying ID lookup approach...
2025-06-24 19:03:30,869 - sentiment - INFO - LunarCrush ID lookup successful for ATOM (ID: 19)
2025-06-24 19:03:38,064 - sentiment - INFO - TokenMetrics API call for ATOM: 200
2025-06-24 19:03:38,064 - sentiment - INFO - TokenMetrics response for ATOM: success=True, length=10
2025-06-24 19:03:38,064 - sentiment - INFO - TokenMetrics extracted for ATOM: TM_Grade=16.99, TA_Grade=9.92, Quant_Grade=45.29
2025-06-24 19:03:44,432 - sentiment - INFO - LunarCrush API call for RUNE: 404
2025-06-24 19:03:44,433 - sentiment - INFO - Symbol query failed for RUNE, trying ID lookup approach...
2025-06-24 19:03:45,046 - sentiment - INFO - LunarCrush ID lookup successful for RUNE (ID: 2222)
2025-06-24 19:03:52,251 - sentiment - INFO - TokenMetrics API call for RUNE: 200
2025-06-24 19:03:52,251 - sentiment - INFO - TokenMetrics response for RUNE: success=True, length=10
2025-06-24 19:03:52,251 - sentiment - INFO - TokenMetrics extracted for RUNE: TM_Grade=19.11, TA_Grade=9.89, Quant_Grade=55.99
2025-06-24 19:03:58,625 - sentiment - INFO - LunarCrush API call for STX: 404
2025-06-24 19:03:58,625 - sentiment - INFO - Symbol query failed for STX, trying ID lookup approach...
2025-06-24 19:03:59,003 - sentiment - INFO - LunarCrush ID lookup successful for STX (ID: 830)
2025-06-24 19:04:06,126 - sentiment - INFO - TokenMetrics API call for STX: 200
2025-06-24 19:04:06,127 - sentiment - INFO - TokenMetrics response for STX: success=True, length=10
2025-06-24 19:04:06,127 - sentiment - INFO - TokenMetrics extracted for STX: TM_Grade=18.31, TA_Grade=9.82, Quant_Grade=52.27
2025-06-24 19:04:12,462 - sentiment - INFO - LunarCrush API call for ZEC: 404
2025-06-24 19:04:12,462 - sentiment - INFO - Symbol query failed for ZEC, trying ID lookup approach...
2025-06-24 19:04:12,969 - sentiment - INFO - LunarCrush ID lookup successful for ZEC (ID: 26)
2025-06-24 19:04:19,965 - sentiment - INFO - TokenMetrics API call for ZEC: 200
2025-06-24 19:04:19,966 - sentiment - INFO - TokenMetrics response for ZEC: success=True, length=10
2025-06-24 19:04:19,966 - sentiment - INFO - TokenMetrics extracted for ZEC: TM_Grade=14.73, TA_Grade=9.91, Quant_Grade=33.97
2025-06-24 19:04:20,128 - modules.output_generator - INFO - Market regime analysis sheet created successfully
2025-06-24 19:04:20,142 - modules.output_generator - INFO - Excel output saved to outputs/excel_reports/bb_analysis_20250624_190419.xlsx
