2025-06-22 11:22:08,194 - __main__ - INFO - Output directories created: outputs, outputs/excel_reports, outputs/logs, outputs/alerts
2025-06-22 11:22:10,862 - modules.data_fetcher - INFO - Selected 67 coins for analysis
2025-06-22 11:22:18,859 - __main__ - INFO - Quality setup: ADA LONG (kucoin) - 68% probability, Risk: 1.7%, R:R: 3.29
2025-06-22 11:22:28,004 - __main__ - INFO - Quality setup: HBAR LONG (binance) - 68% probability, Risk: 1.2%, R:R: 4.61
2025-06-22 11:22:29,031 - __main__ - INFO - Quality setup: HBAR LONG (kucoin) - 68% probability, Risk: 1.1%, R:R: 4.77
2025-06-22 11:22:29,567 - __main__ - INFO - Quality setup: HBAR LONG (okx) - 78% probability, Risk: 1.1%, R:R: 4.84
2025-06-22 11:22:36,080 - __main__ - INFO - Quality setup: ETC LONG (binance) - 81% probability, Risk: 1.4%, R:R: 3.61
2025-06-22 11:22:36,461 - __main__ - INFO - Quality setup: ETC LONG (bybit) - 81% probability, Risk: 1.4%, R:R: 3.51
2025-06-22 11:22:37,180 - __main__ - INFO - Quality setup: ETC LONG (kucoin) - 83% probability, Risk: 1.4%, R:R: 3.52
2025-06-22 11:22:37,732 - __main__ - INFO - Quality setup: ETC LONG (okx) - 83% probability, Risk: 1.5%, R:R: 3.39
2025-06-22 11:22:40,063 - __main__ - INFO - Quality setup: ALGO LONG (bybit) - 83% probability, Risk: 1.0%, R:R: 3.9
2025-06-22 11:22:42,692 - __main__ - INFO - Quality setup: ZEC LONG (binance) - 68% probability, Risk: 0.5%, R:R: 10.04
2025-06-22 11:22:43,334 - __main__ - INFO - Quality setup: ZEC LONG (kucoin) - 68% probability, Risk: 0.4%, R:R: 13.54
2025-06-22 11:22:46,339 - __main__ - INFO - Quality setup: BSV LONG (okx) - 71% probability, Risk: 1.2%, R:R: 3.42
2025-06-22 11:22:52,755 - __main__ - INFO - Quality setup: FLOW LONG (okx) - 78% probability, Risk: 1.4%, R:R: 3.98
2025-06-22 11:22:57,934 - __main__ - INFO - Quality setup: LUNA LONG (bybit) - 78% probability, Risk: 1.7%, R:R: 4.43
2025-06-22 11:23:01,945 - __main__ - INFO - Quality setup: CORE LONG (bybit) - 68% probability, Risk: 0.9%, R:R: 7.47
2025-06-22 11:23:02,795 - __main__ - INFO - Quality setup: ZIL LONG (binance) - 68% probability, Risk: 0.7%, R:R: 8.92
2025-06-22 11:23:03,174 - __main__ - INFO - Quality setup: ZIL LONG (bybit) - 68% probability, Risk: 0.7%, R:R: 8.29
2025-06-22 11:23:03,863 - __main__ - INFO - Quality setup: ZIL LONG (kucoin) - 78% probability, Risk: 0.6%, R:R: 9.31
2025-06-22 11:23:10,189 - __main__ - INFO - Quality setup: TAIKO LONG (bybit) - 73% probability, Risk: 0.7%, R:R: 12.41
2025-06-22 11:23:11,308 - __main__ - INFO - Quality setup: PHA LONG (kucoin) - 71% probability, Risk: 3.0%, R:R: 2.18
2025-06-22 11:23:12,103 - __main__ - INFO - Quality setup: KSM LONG (binance) - 81% probability, Risk: 0.4%, R:R: 22.28
2025-06-22 11:23:12,464 - __main__ - INFO - Quality setup: KSM LONG (bybit) - 68% probability, Risk: 0.5%, R:R: 17.55
2025-06-22 11:23:13,229 - __main__ - INFO - Quality setup: KSM LONG (okx) - 83% probability, Risk: 0.5%, R:R: 16.5
2025-06-22 11:23:16,745 - __main__ - INFO - Quality setup: ONE LONG (okx) - 81% probability, Risk: 1.7%, R:R: 4.84
2025-06-22 11:25:21,213 - modules.output_generator - ERROR - Error generating Excel output: 'tier'
2025-06-22 11:25:21,213 - __main__ - ERROR - Critical error in scanner: 'OutputGenerator' object has no attribute 'display_comprehensive_summary'
