2025-06-24 22:54:52,238 - __main__ - INFO - Output directories created: outputs, outputs/excel_reports, outputs/logs, outputs/alerts
2025-06-24 22:54:59,063 - sentiment - INFO - LunarCrush API call for BTC: 404
2025-06-24 22:54:59,063 - sentiment - INFO - Symbol query failed for BTC, trying ID lookup approach...
2025-06-24 22:55:00,839 - sentiment - INFO - Cached 6723 coins from LunarCrush list
2025-06-24 22:55:01,447 - sentiment - INFO - LunarCrush ID lookup successful for BTC (ID: 1)
2025-06-24 22:55:08,780 - sentiment - INFO - TokenMetrics API call for BTC: 200
2025-06-24 22:55:08,781 - sentiment - INFO - TokenMetrics response for BTC: success=True, length=10
2025-06-24 22:55:08,781 - sentiment - INFO - TokenMetrics extracted for BTC: TM_Grade=46.99, TA_Grade=47.01, Quant_Grade=46.91
2025-06-24 22:55:18,440 - modules.market_regime_analyzer - INFO - Traditional market SPY: 1.15% (RISING)
2025-06-24 22:55:19,098 - yfinance - ERROR - $VIX: possibly delisted; no price data found  (period=10d)
2025-06-24 22:55:19,749 - yfinance - ERROR - $DXY: possibly delisted; no price data found  (period=10d)
2025-06-24 22:55:20,499 - modules.market_regime_analyzer - INFO - Traditional market QQQ: 1.56% (RISING)
2025-06-24 22:55:26,857 - sentiment - INFO - LunarCrush API call for stocks: 404
2025-06-24 22:55:26,858 - sentiment - INFO - Symbol query failed for stocks, trying ID lookup approach...
2025-06-24 22:55:26,863 - sentiment - WARNING - Symbol stocks not found in LunarCrush coins list
2025-06-24 22:55:33,207 - sentiment - INFO - LunarCrush API call for spy: 404
2025-06-24 22:55:33,207 - sentiment - INFO - Symbol query failed for spy, trying ID lookup approach...
2025-06-24 22:55:33,209 - sentiment - WARNING - Symbol spy not found in LunarCrush coins list
2025-06-24 22:55:39,578 - sentiment - INFO - LunarCrush API call for inflation: 404
2025-06-24 22:55:39,579 - sentiment - INFO - Symbol query failed for inflation, trying ID lookup approach...
2025-06-24 22:55:39,584 - sentiment - WARNING - Symbol inflation not found in LunarCrush coins list
2025-06-24 22:55:45,926 - sentiment - INFO - LunarCrush API call for recession: 404
2025-06-24 22:55:45,927 - sentiment - INFO - Symbol query failed for recession, trying ID lookup approach...
2025-06-24 22:55:45,933 - sentiment - WARNING - Symbol recession not found in LunarCrush coins list
2025-06-24 22:55:45,935 - modules.market_regime_analyzer - INFO - Market regime analysis completed for ETH
2025-06-24 22:55:48,417 - modules.data_fetcher - INFO - Selected 70 coins for analysis
2025-06-24 22:55:57,443 - __main__ - INFO - Quality setup: APT SHORT (binance) - 83% probability, Risk: 3.9%, R:R: 4.26
2025-06-24 22:55:57,927 - __main__ - INFO - Quality setup: APT SHORT (bybit) - 83% probability, Risk: 3.9%, R:R: 4.27
2025-06-24 22:55:58,599 - __main__ - INFO - Quality setup: APT SHORT (kucoin) - 83% probability, Risk: 3.9%, R:R: 4.26
2025-06-24 22:55:59,185 - __main__ - INFO - Quality setup: APT SHORT (okx) - 83% probability, Risk: 3.8%, R:R: 4.06
2025-06-24 22:56:12,117 - __main__ - INFO - Quality setup: ALGO SHORT (kucoin) - 68% probability, Risk: 2.2%, R:R: 3.62
2025-06-24 22:56:12,675 - __main__ - INFO - Quality setup: ALGO SHORT (okx) - 71% probability, Risk: 2.2%, R:R: 3.64
2025-06-24 22:56:14,932 - __main__ - INFO - Quality setup: ZEC SHORT (kucoin) - 68% probability, Risk: 2.1%, R:R: 3.05
2025-06-24 22:56:17,231 - __main__ - INFO - Quality setup: STX SHORT (kucoin) - 78% probability, Risk: 3.2%, R:R: 3.44
2025-06-24 22:56:22,993 - __main__ - INFO - Quality setup: XDC SHORT (kucoin) - 65% probability, Risk: 3.8%, R:R: 1.04
2025-06-24 22:56:31,394 - __main__ - INFO - Quality setup: ZEN SHORT (bybit) - 65% probability, Risk: 6.5%, R:R: 0.68
2025-06-24 22:56:32,027 - __main__ - INFO - Quality setup: ZEN SHORT (kucoin) - 65% probability, Risk: 6.3%, R:R: 0.7
2025-06-24 22:56:49,140 - sentiment - INFO - LunarCrush API call for APT: 404
2025-06-24 22:56:49,141 - sentiment - INFO - Symbol query failed for APT, trying ID lookup approach...
2025-06-24 22:56:49,829 - sentiment - INFO - LunarCrush ID lookup successful for APT (ID: 70832)
2025-06-24 22:56:57,276 - sentiment - INFO - TokenMetrics API call for APT: 200
2025-06-24 22:56:57,277 - sentiment - INFO - TokenMetrics response for APT: success=True, length=10
2025-06-24 22:56:57,278 - sentiment - INFO - TokenMetrics extracted for APT: TM_Grade=16.19, TA_Grade=9.89, Quant_Grade=41.38
2025-06-24 22:57:03,640 - sentiment - INFO - LunarCrush API call for STX: 404
2025-06-24 22:57:03,640 - sentiment - INFO - Symbol query failed for STX, trying ID lookup approach...
2025-06-24 22:57:04,134 - sentiment - INFO - LunarCrush ID lookup successful for STX (ID: 830)
2025-06-24 22:57:11,308 - sentiment - INFO - TokenMetrics API call for STX: 200
2025-06-24 22:57:11,308 - sentiment - INFO - TokenMetrics response for STX: success=True, length=10
2025-06-24 22:57:11,309 - sentiment - INFO - TokenMetrics extracted for STX: TM_Grade=18.31, TA_Grade=9.82, Quant_Grade=52.27
2025-06-24 22:57:17,682 - sentiment - INFO - LunarCrush API call for ALGO: 404
2025-06-24 22:57:17,683 - sentiment - INFO - Symbol query failed for ALGO, trying ID lookup approach...
2025-06-24 22:57:18,331 - sentiment - INFO - LunarCrush ID lookup successful for ALGO (ID: 2108)
2025-06-24 22:57:25,573 - sentiment - INFO - TokenMetrics API call for ALGO: 200
2025-06-24 22:57:25,575 - sentiment - INFO - TokenMetrics response for ALGO: success=True, length=10
2025-06-24 22:57:25,575 - sentiment - INFO - TokenMetrics extracted for ALGO: TM_Grade=14.83, TA_Grade=9.87, Quant_Grade=34.67
2025-06-24 22:57:31,921 - sentiment - INFO - LunarCrush API call for ZEC: 404
2025-06-24 22:57:31,921 - sentiment - INFO - Symbol query failed for ZEC, trying ID lookup approach...
2025-06-24 22:57:32,426 - sentiment - INFO - LunarCrush ID lookup successful for ZEC (ID: 26)
2025-06-24 22:57:39,424 - sentiment - INFO - TokenMetrics API call for ZEC: 200
2025-06-24 22:57:39,425 - sentiment - INFO - TokenMetrics response for ZEC: success=True, length=10
2025-06-24 22:57:39,425 - sentiment - INFO - TokenMetrics extracted for ZEC: TM_Grade=14.73, TA_Grade=9.91, Quant_Grade=33.97
2025-06-24 22:57:45,773 - sentiment - INFO - LunarCrush API call for XDC: 404
2025-06-24 22:57:45,773 - sentiment - INFO - Symbol query failed for XDC, trying ID lookup approach...
2025-06-24 22:57:46,279 - sentiment - INFO - LunarCrush ID lookup successful for XDC (ID: 66919)
2025-06-24 22:57:53,503 - sentiment - INFO - TokenMetrics API call for XDC: 200
2025-06-24 22:57:53,503 - sentiment - INFO - TokenMetrics response for XDC: success=True, length=10
2025-06-24 22:57:53,503 - sentiment - INFO - TokenMetrics extracted for XDC: TM_Grade=18.77, TA_Grade=9.91, Quant_Grade=54.23
2025-06-24 22:57:59,959 - sentiment - INFO - LunarCrush API call for ZEN: 404
2025-06-24 22:57:59,959 - sentiment - INFO - Symbol query failed for ZEN, trying ID lookup approach...
2025-06-24 22:58:00,480 - sentiment - INFO - LunarCrush ID lookup successful for ZEN (ID: 103)
2025-06-24 22:58:08,163 - sentiment - INFO - TokenMetrics API call for ZEN: 200
2025-06-24 22:58:08,165 - sentiment - INFO - TokenMetrics response for ZEN: success=True, length=10
2025-06-24 22:58:08,165 - sentiment - INFO - TokenMetrics extracted for ZEN: TM_Grade=16.98, TA_Grade=9.85, Quant_Grade=45.5
2025-06-24 22:58:14,568 - sentiment - INFO - LunarCrush API call for NEAR: 404
2025-06-24 22:58:14,569 - sentiment - INFO - Symbol query failed for NEAR, trying ID lookup approach...
2025-06-24 22:58:15,163 - sentiment - INFO - LunarCrush ID lookup successful for NEAR (ID: 3377)
2025-06-24 22:58:22,257 - sentiment - INFO - TokenMetrics API call for NEAR: 200
2025-06-24 22:58:22,258 - sentiment - INFO - TokenMetrics response for NEAR: success=True, length=10
2025-06-24 22:58:22,258 - sentiment - INFO - TokenMetrics extracted for NEAR: TM_Grade=18.06, TA_Grade=9.87, Quant_Grade=50.85
2025-06-24 22:58:28,605 - sentiment - INFO - LunarCrush API call for PHA: 404
2025-06-24 22:58:28,605 - sentiment - INFO - Symbol query failed for PHA, trying ID lookup approach...
2025-06-24 22:58:29,115 - sentiment - INFO - LunarCrush ID lookup successful for PHA (ID: 2986)
2025-06-24 22:58:36,240 - sentiment - INFO - TokenMetrics API call for PHA: 200
2025-06-24 22:58:36,240 - sentiment - INFO - TokenMetrics response for PHA: success=True, length=10
2025-06-24 22:58:36,241 - sentiment - INFO - TokenMetrics extracted for PHA: TM_Grade=18.24, TA_Grade=9.83, Quant_Grade=51.88
2025-06-24 22:58:42,601 - sentiment - INFO - LunarCrush API call for ATOM: 404
2025-06-24 22:58:42,602 - sentiment - INFO - Symbol query failed for ATOM, trying ID lookup approach...
2025-06-24 22:58:43,297 - sentiment - INFO - LunarCrush ID lookup successful for ATOM (ID: 19)
2025-06-24 22:58:51,426 - sentiment - INFO - TokenMetrics API call for ATOM: 200
2025-06-24 22:58:51,426 - sentiment - INFO - TokenMetrics response for ATOM: success=True, length=10
2025-06-24 22:58:51,427 - sentiment - INFO - TokenMetrics extracted for ATOM: TM_Grade=16.99, TA_Grade=9.92, Quant_Grade=45.29
2025-06-24 22:58:57,779 - sentiment - INFO - LunarCrush API call for THETA: 404
2025-06-24 22:58:57,779 - sentiment - INFO - Symbol query failed for THETA, trying ID lookup approach...
2025-06-24 22:58:58,351 - sentiment - INFO - LunarCrush ID lookup successful for THETA (ID: 64)
2025-06-24 22:59:05,517 - sentiment - INFO - TokenMetrics API call for THETA: 200
2025-06-24 22:59:05,517 - sentiment - INFO - TokenMetrics response for THETA: success=True, length=10
2025-06-24 22:59:05,517 - sentiment - INFO - TokenMetrics extracted for THETA: TM_Grade=18.36, TA_Grade=9.89, Quant_Grade=52.24
2025-06-24 22:59:05,863 - modules.output_generator - INFO - Market regime analysis sheet created successfully
2025-06-24 22:59:05,882 - modules.output_generator - INFO - Excel output saved to outputs/excel_reports/bb_analysis_20250624_225905.xlsx
